<?xml version="1.0" encoding="UTF-8" ?>
<testsuites id="2026-05-02" name="report_131" tests="148" failures="17" skipped="0" flaky="0" time="0.000">
	<testsuite id="0" name="test_auto_bench_runner" package="tests/unit" timestamp="2026-05-02T11:35:57" hostname="localhost" tests="5" failures="0" errors="0" skipped="0" flaky="0" time="0.032">
		<testcase name="test_summarize_empty_samples" classname="test_auto_bench_runner" time="0.002">
		</testcase>
		<testcase name="test_summarize_single_sample_reports_min_equals_max" classname="test_auto_bench_runner" time="0.001">
		</testcase>
		<testcase name="test_summarize_multi_sample_aggregates" classname="test_auto_bench_runner" time="0.005">
		</testcase>
		<testcase name="test_sample_once_per_second_dedup" classname="test_auto_bench_runner" time="0.007">
		</testcase>
		<testcase name="test_summarize_output_is_json_serializable" classname="test_auto_bench_runner" time="0.006">
		</testcase>
	</testsuite>
	<testsuite id="1" name="test_basis_packing" package="tests/unit" timestamp="2026-05-02T11:35:57" hostname="localhost" tests="3" failures="0" errors="0" skipped="0" flaky="0" time="0.021">
		<testcase name="test_basis_index_returns_columns" classname="test_basis_packing" time="0.003">
		</testcase>
		<testcase name="test_projection_index_returns_columns" classname="test_basis_packing" time="0.006">
		</testcase>
		<testcase name="test_transform_basis_matches_direct_access" classname="test_basis_packing" time="0.006">
		</testcase>
	</testsuite>
	<testsuite id="2" name="test_bench_ladder_runner" package="tests/unit" timestamp="2026-05-02T11:35:57" hostname="localhost" tests="9" failures="0" errors="0" skipped="0" flaky="0" time="0.063">
		<testcase name="test_rung_zero_is_empty" classname="test_bench_ladder_runner" time="0.001">
		</testcase>
		<testcase name="test_rung_one_has_first_ladder_flag" classname="test_bench_ladder_runner" time="0.002">
		</testcase>
		<testcase name="test_rung_is_cumulative_additive" classname="test_bench_ladder_runner" time="0.005">
		</testcase>
		<testcase name="test_rung_beyond_ladder_label" classname="test_bench_ladder_runner" time="0.007">
		</testcase>
		<testcase name="test_summarize_empty_samples" classname="test_bench_ladder_runner" time="0.007">
		</testcase>
		<testcase name="test_summarize_aggregates_and_maxes" classname="test_bench_ladder_runner" time="0.007">
		</testcase>
		<testcase name="test_sample_once_per_second_dedup" classname="test_bench_ladder_runner" time="0.006">
		</testcase>
		<testcase name="test_ladder_add_order_covers_all_toggle_names" classname="test_bench_ladder_runner" time="0.007">
		</testcase>
		<testcase name="test_summary_round_trips_through_json" classname="test_bench_ladder_runner" time="0.006">
		</testcase>
	</testsuite>
	<testsuite id="3" name="test_coordinate_system" package="tests/unit" timestamp="2026-05-02T11:35:57" hostname="localhost" tests="4" failures="0" errors="0" skipped="0" flaky="0" time="0.028">
		<testcase name="test_vector_to_godot_zero" classname="test_coordinate_system" time="0.003">
		</testcase>
		<testcase name="test_vector_to_godot_axes" classname="test_coordinate_system" time="0.007">
		</testcase>
		<testcase name="test_vector_roundtrip" classname="test_coordinate_system" time="0.006">
		</testcase>
		<testcase name="test_cell_size_is_positive" classname="test_coordinate_system" time="0.006">
		</testcase>
	</testsuite>
	<testsuite id="4" name="test_distance_utils" package="tests/unit" timestamp="2026-05-02T11:35:57" hostname="localhost" tests="9" failures="0" errors="0" skipped="0" flaky="0" time="0.063">
		<testcase name="test_cell_distance_squared_same_cell" classname="test_distance_utils" time="0.001">
		</testcase>
		<testcase name="test_cell_distance_squared_adjacent" classname="test_distance_utils" time="0.005">
		</testcase>
		<testcase name="test_cell_distance_squared_diagonal" classname="test_distance_utils" time="0.006">
		</testcase>
		<testcase name="test_cell_distance_is_sqrt_of_squared" classname="test_distance_utils" time="0.006">
		</testcase>
		<testcase name="test_cell_to_world_center_origin" classname="test_distance_utils" time="0.005">
		</testcase>
		<testcase name="test_world_to_cell_roundtrip" classname="test_distance_utils" time="0.005">
		</testcase>
		<testcase name="test_tier_constants_are_ordered" classname="test_distance_utils" time="0.006">
		</testcase>
		<testcase name="test_distance_to_cell_radius" classname="test_distance_utils" time="0.006">
		</testcase>
		<testcase name="test_is_cell_in_range" classname="test_distance_utils" time="0.006">
		</testcase>
	</testsuite>
	<testsuite id="5" name="test_importermesh_smoke" package="tests/unit" timestamp="2026-05-02T11:35:57" hostname="localhost" tests="2" failures="0" errors="0" skipped="0" flaky="0" time="0.075">
		<testcase name="test_importermesh_generates_lods_at_runtime" classname="test_importermesh_smoke" time="0.038">
		</testcase>
		<testcase name="test_importermesh_preserves_material" classname="test_importermesh_smoke" time="0.029">
		</testcase>
	</testsuite>
	<testsuite id="6" name="test_loading_state_machine" package="tests/unit" timestamp="2026-05-02T11:35:57" hostname="localhost" tests="7" failures="0" errors="0" skipped="0" flaky="0" time="0.196">
		<testcase name="test_starts_idle" classname="test_loading_state_machine" time="0.009">
		</testcase>
		<testcase name="test_enter_loading_transitions_to_loading_state" classname="test_loading_state_machine" time="0.001">
		</testcase>
		<testcase name="test_predicate_true_exits_state" classname="test_loading_state_machine" time="0.026">
		</testcase>
		<testcase name="test_timeout_forces_exit" classname="test_loading_state_machine" time="0.121">
		</testcase>
		<testcase name="test_loading_started_signal_fires_with_reason" classname="test_loading_state_machine" time="0.005">
		</testcase>
		<testcase name="test_double_enter_replaces_predicate_without_restarting" classname="test_loading_state_machine" time="0.014">
		</testcase>
		<testcase name="test_force_exit_from_loading_fires_timed_out_true" classname="test_loading_state_machine" time="0.006">
		</testcase>
	</testsuite>
	<testsuite id="7" name="test_material_audit" package="tests/unit" timestamp="2026-05-02T11:35:57" hostname="localhost" tests="1" failures="0" errors="0" skipped="0" flaky="0" time="0.124">
		<testcase name="test_multi_surface_materials" classname="test_material_audit" time="0.117">
		</testcase>
	</testsuite>
	<testsuite id="8" name="test_object_paging_kernel" package="tests/unit" timestamp="2026-05-02T11:35:58" hostname="localhost" tests="62" failures="9" errors="0" skipped="0" flaky="0" time="0.611">
		<testcase name="test_empty_input_returns_null" classname="test_object_paging_kernel" time="0.002">
		</testcase>
		<testcase name="test_single_ref_preserves_surface" classname="test_object_paging_kernel" time="0.119">
		</testcase>
		<testcase name="test_chunk_origin_subtracts_from_vertex_positions" classname="test_object_paging_kernel" time="0.005">
		</testcase>
		<testcase name="test_two_refs_same_material_merge_into_one_surface" classname="test_object_paging_kernel" time="0.007">
		</testcase>
		<testcase name="test_two_refs_different_materials_produce_two_surfaces" classname="test_object_paging_kernel" time="0.007">
		</testcase>
		<testcase name="test_materials_preserved_on_merged_surfaces" classname="test_object_paging_kernel" time="0.009">
		</testcase>
		<testcase name="test_estimate_mesh_bytes_scales_with_vertex_count" classname="test_object_paging_kernel" time="0.011">
		</testcase>
		<testcase name="test_null_mesh_bytes_returns_zero" classname="test_object_paging_kernel" time="0.002">
		</testcase>
		<testcase name="test_size_worthy_large_close_mesh_kept" classname="test_object_paging_kernel" time="0.005">
		</testcase>
		<testcase name="test_size_worthy_small_distant_mesh_rejected" classname="test_object_paging_kernel" time="0.007">
		</testcase>
		<testcase name="test_size_worthy_scale_changes_outcome" classname="test_object_paging_kernel" time="0.007">
			<failure message="FAILED: res://tests/unit/test_object_paging_kernel.gd:253" type="FAILURE">
<![CDATA[
Expecting: 'false' but is 'true'
]]>
			</failure>
			<failure message="FAILED: res://tests/unit/test_object_paging_kernel.gd:261" type="FAILURE">
<![CDATA[
Expecting: 'false' but is 'true'
]]>
			</failure>
		</testcase>
		<testcase name="test_size_worthy_exact_boundary_kept" classname="test_object_paging_kernel" time="0.005">
		</testcase>
		<testcase name="test_size_worthy_zero_radius_kept" classname="test_object_paging_kernel" time="0.007">
		</testcase>
		<testcase name="test_size_worthy_zero_distance_kept" classname="test_object_paging_kernel" time="0.006">
		</testcase>
		<testcase name="test_paging_min_size_matches_openmw_default" classname="test_object_paging_kernel" time="0.006">
			<failure message="FAILED: res://tests/unit/test_object_paging_kernel.gd:294" type="FAILURE">
<![CDATA[
Expecting:
 '0.020000'
 in range between
 '0.139000' <> '0.141000'
]]>
			</failure>
			<failure message="FAILED: res://tests/unit/test_object_paging_kernel.gd:295" type="FAILURE">
<![CDATA[
Expecting:
 '0.000400'
 in range between
 '0.019500' <> '0.019700'
]]>
			</failure>
		</testcase>
		<testcase name="test_type_eligible_static_always_paged" classname="test_object_paging_kernel" time="0.005">
		</testcase>
		<testcase name="test_type_eligible_door_and_activator_always_paged" classname="test_object_paging_kernel" time="0.007">
		</testcase>
		<testcase name="test_type_eligible_container_size_aware" classname="test_object_paging_kernel" time="0.005">
		</testcase>
		<testcase name="test_type_eligible_light_never_paged" classname="test_object_paging_kernel" time="0.007">
		</testcase>
		<testcase name="test_type_eligible_inventory_and_actors_rejected" classname="test_object_paging_kernel" time="0.006">
		</testcase>
		<testcase name="test_type_eligible_unknown_defaults_to_reject" classname="test_object_paging_kernel" time="0.006">
		</testcase>
		<testcase name="test_analyze_empty_input" classname="test_object_paging_kernel" time="0.007">
		</testcase>
		<testcase name="test_analyze_single_unique_type_not_merged" classname="test_object_paging_kernel" time="0.006">
			<failure message="FAILED: res://tests/unit/test_object_paging_kernel.gd:379" type="FAILURE">
<![CDATA[
Single unique-material type must not merge (no shared materials = benefit 0).
]]>
			</failure>
		</testcase>
		<testcase name="test_analyze_two_types_shared_material_both_merged" classname="test_object_paging_kernel" time="0.007">
		</testcase>
		<testcase name="test_analyze_two_types_distinct_materials_not_merged" classname="test_object_paging_kernel" time="0.012">
			<failure message="FAILED: res://tests/unit/test_object_paging_kernel.gd:425" type="FAILURE">
<![CDATA[
Expecting: 'false' but is 'true'
]]>
			</failure>
			<failure message="FAILED: res://tests/unit/test_object_paging_kernel.gd:426" type="FAILURE">
<![CDATA[
Expecting: 'false' but is 'true'
]]>
			</failure>
		</testcase>
		<testcase name="test_analyze_size_level_affects_decision" classname="test_object_paging_kernel" time="0.008">
		</testcase>
		<testcase name="test_analyze_zero_vert_degenerate" classname="test_object_paging_kernel" time="0.003">
		</testcase>
		<testcase name="test_paging_merge_factor_matches_openmw_default" classname="test_object_paging_kernel" time="0.003">
		</testcase>
		<testcase name="test_chunk_key_size_level_0_identity" classname="test_object_paging_kernel" time="0.005">
		</testcase>
		<testcase name="test_chunk_key_size_level_1_aligns_to_even" classname="test_object_paging_kernel" time="0.006">
		</testcase>
		<testcase name="test_chunk_key_size_level_2_handles_negative_cells" classname="test_object_paging_kernel" time="0.006">
		</testcase>
		<testcase name="test_chunk_center_world_origin_cell" classname="test_object_paging_kernel" time="0.005">
		</testcase>
		<testcase name="test_chunk_center_world_size_level_2" classname="test_object_paging_kernel" time="0.005">
		</testcase>
		<testcase name="test_paging_band_end_values" classname="test_object_paging_kernel" time="0.007">
		</testcase>
		<testcase name="test_paging_band_boundaries_contiguous" classname="test_object_paging_kernel" time="0.005">
		</testcase>
		<testcase name="test_hlod_visual_floor_starts_at_hlod_boundary" classname="test_object_paging_kernel" time="0.005">
		</testcase>
		<testcase name="test_paging_ring_radius_bounds" classname="test_object_paging_kernel" time="0.006">
		</testcase>
		<testcase name="test_paging_hysteresis_matches_existing_scheme" classname="test_object_paging_kernel" time="0.006">
		</testcase>
		<testcase name="test_top_down_walk_no_cell_double_coverage" classname="test_object_paging_kernel" time="0.009">
		</testcase>
		<testcase name="test_top_down_walk_band_membership" classname="test_object_paging_kernel" time="0.004">
		</testcase>
		<testcase name="test_top_down_walk_all_tiers_populated_from_origin" classname="test_object_paging_kernel" time="0.004">
		</testcase>
		<testcase name="test_top_down_walk_large_chunk_blocks_smaller_overlap" classname="test_object_paging_kernel" time="0.006">
		</testcase>
		<testcase name="test_is_within_retention_for_tier_0_bounds" classname="test_object_paging_kernel" time="0.006">
		</testcase>
		<testcase name="test_hysteresis_retains_active_chunk_past_strict_band" classname="test_object_paging_kernel" time="0.007">
		</testcase>
		<testcase name="test_hysteresis_releases_active_chunk_past_retention_edge" classname="test_object_paging_kernel" time="0.005">
		</testcase>
		<testcase name="test_hysteresis_retained_chunk_blocks_retiering_walk" classname="test_object_paging_kernel" time="0.006">
		</testcase>
		<testcase name="test_hysteresis_no_effect_with_empty_active_chunks" classname="test_object_paging_kernel" time="0.008">
		</testcase>
		<testcase name="test_hysteresis_pre_pass_and_walk_never_double_cover" classname="test_object_paging_kernel" time="0.008">
		</testcase>
		<testcase name="test_teleport_first_call_never_fires" classname="test_object_paging_kernel" time="0.001">
		</testcase>
		<testcase name="test_teleport_small_motion_below_threshold" classname="test_object_paging_kernel" time="0.006">
		</testcase>
		<testcase name="test_teleport_large_jump_fires" classname="test_object_paging_kernel" time="0.005">
		</testcase>
		<testcase name="test_teleport_threshold_matches_plan" classname="test_object_paging_kernel" time="0.006">
		</testcase>
		<testcase name="test_paging_min_size_merge_factor_matches_openmw" classname="test_object_paging_kernel" time="0.007">
		</testcase>
		<testcase name="test_min_size_merged_sq_zero_benefit_collapses_to_base" classname="test_object_paging_kernel" time="0.006">
		</testcase>
		<testcase name="test_min_size_merged_sq_strong_merge_loosens_threshold" classname="test_object_paging_kernel" time="0.006">
		</testcase>
		<testcase name="test_min_size_merged_sq_weak_merge_tightens_to_base" classname="test_object_paging_kernel" time="0.006">
		</testcase>
		<testcase name="test_analyze_rejected_type_has_zero_min_size_merged" classname="test_object_paging_kernel" time="0.006">
			<failure message="FAILED: res://tests/unit/test_object_paging_kernel.gd:904" type="FAILURE">
<![CDATA[
Expecting: 'false' but is 'true'
]]>
			</failure>
			<failure message="FAILED: res://tests/unit/test_object_paging_kernel.gd:905" type="FAILURE">
<![CDATA[
Expecting:
 '0.000102'
 in range between
 '-0.000100' <> '0.000100'
]]>
			</failure>
		</testcase>
		<testcase name="test_analyze_merged_type_has_positive_min_size_merged" classname="test_object_paging_kernel" time="0.005">
		</testcase>
		<testcase name="test_flatten_drops_sub_threshold_ref_via_second_pass" classname="test_object_paging_kernel" time="0.010">
		</testcase>
		<testcase name="test_flatten_second_pass_noop_when_ref_metrics_missing" classname="test_object_paging_kernel" time="0.011">
		</testcase>
		<testcase name="test_size_worthy_reevaluation_after_camera_approach" classname="test_object_paging_kernel" time="0.002">
		</testcase>
		<testcase name="test_normals_transformed_by_ref_rotation" classname="test_object_paging_kernel" time="0.004">
		</testcase>
	</testsuite>
	<testsuite id="9" name="test_octahedral_encoding" package="tests/unit" timestamp="2026-05-02T11:35:58" hostname="localhost" tests="5" failures="0" errors="0" skipped="0" flaky="0" time="0.033">
		<testcase name="test_sphere_round_trip" classname="test_octahedral_encoding" time="0.005">
		</testcase>
		<testcase name="test_hemi_round_trip" classname="test_octahedral_encoding" time="0.004">
		</testcase>
		<testcase name="test_hemi_all_above_horizon" classname="test_octahedral_encoding" time="0.002">
		</testcase>
		<testcase name="test_sphere_covers_both_hemispheres" classname="test_octahedral_encoding" time="0.004">
		</testcase>
		<testcase name="test_generate_directions_count_and_unit_length" classname="test_octahedral_encoding" time="0.007">
		</testcase>
	</testsuite>
	<testsuite id="10" name="test_phase_e_precompute" package="tests/unit" timestamp="2026-05-02T11:35:58" hostname="localhost" tests="3" failures="3" errors="1" skipped="0" flaky="0" time="0.045">
		<testcase name="test_precompute_instance_returns_null_for_unregistered_type" classname="test_phase_e_precompute" time="0.007">
		</testcase>
		<testcase name="test_precompute_instance_populates_fields" classname="test_phase_e_precompute" time="0.012">
		</testcase>
		<testcase name="test_add_instance_precomputed_matches_add_instance" classname="test_phase_e_precompute" time="0.014">
			<error message="ERROR: res://tests/unit/test_phase_e_precompute.gd:124" type="ABORT">
<![CDATA[
Godot Runtime Error !
Error: 'Invalid access to property or key 'transform' on a base object of type 'Nil'.'
	at res://tests/unit/test_phase_e_precompute.gd:124
]]>
			</error>
			<failure message="FAILED: res://tests/unit/test_phase_e_precompute.gd:113" type="FAILURE">
<![CDATA[
Expecting to be greater than or equal:
 '0' but was '-1'
]]>
			</failure>
			<failure message="FAILED: res://tests/unit/test_phase_e_precompute.gd:118" type="FAILURE">
<![CDATA[
Expecting:
 '0'
 but was
 '1'
]]>
			</failure>
			<failure message="FAILED: res://tests/unit/test_phase_e_precompute.gd:119" type="FAILURE">
<![CDATA[
Expecting:
 '0'
 but was
 '1'
]]>
			</failure>
		</testcase>
	</testsuite>
	<testsuite id="11" name="test_player_controller_interaction" package="tests/unit" timestamp="2026-05-02T11:35:58" hostname="localhost" tests="12" failures="0" errors="0" skipped="0" flaky="0" time="0.201">
		<testcase name="test_register_gate_increments_count" classname="test_player_controller_interaction" time="0.011">
		</testcase>
		<testcase name="test_register_gate_idempotent" classname="test_player_controller_interaction" time="0.013">
		</testcase>
		<testcase name="test_unregister_gate_removes" classname="test_player_controller_interaction" time="0.011">
		</testcase>
		<testcase name="test_register_null_gate_is_safe" classname="test_player_controller_interaction" time="0.011">
		</testcase>
		<testcase name="test_tree_exiting_self_heal_removes_freed_gate" classname="test_player_controller_interaction" time="0.020">
		</testcase>
		<testcase name="test_is_modal_ui_open_reflects_state" classname="test_player_controller_interaction" time="0.013">
		</testcase>
		<testcase name="test_tap_emits_on_quick_press_release" classname="test_player_controller_interaction" time="0.019">
		</testcase>
		<testcase name="test_hold_begin_emits_after_threshold" classname="test_player_controller_interaction" time="0.020">
		</testcase>
		<testcase name="test_release_emits_after_hold" classname="test_player_controller_interaction" time="0.020">
		</testcase>
		<testcase name="test_modal_gate_suppresses_press" classname="test_player_controller_interaction" time="0.014">
		</testcase>
		<testcase name="test_emit_interact_tap_routes_to_raycaster_target" classname="test_player_controller_interaction" time="0.012">
		</testcase>
		<testcase name="test_emit_interact_tap_no_raycaster_is_safe" classname="test_player_controller_interaction" time="0.013">
		</testcase>
	</testsuite>
	<testsuite id="12" name="test_prototype_registry" package="tests/unit" timestamp="2026-05-02T11:35:59" hostname="localhost" tests="11" failures="1" errors="0" skipped="0" flaky="0" time="0.108">
		<testcase name="test_batch_init_capacity" classname="test_prototype_registry" time="0.005">
		</testcase>
		<testcase name="test_batch_acquire_and_release" classname="test_prototype_registry" time="0.003">
		</testcase>
		<testcase name="test_batch_freelist_reuses_slot" classname="test_prototype_registry" time="0.002">
		</testcase>
		<testcase name="test_batch_grows_beyond_initial_capacity" classname="test_prototype_registry" time="0.006">
		</testcase>
		<testcase name="test_batch_reserve_capacity_keeps_gpu_instance_count_until_upload" classname="test_prototype_registry" time="0.005">
			<failure message="FAILED: res://tests/unit/test_prototype_registry.gd:120" type="FAILURE">
<![CDATA[
Expecting:
 '8'
 but was
 '2'
]]>
			</failure>
		</testcase>
		<testcase name="test_registry_get_or_create_batch_dedupes" classname="test_prototype_registry" time="0.005">
		</testcase>
		<testcase name="test_registry_different_materials_different_batches" classname="test_prototype_registry" time="0.033">
		</testcase>
		<testcase name="test_registry_add_instance_single_sub_mesh" classname="test_prototype_registry" time="0.002">
		</testcase>
		<testcase name="test_registry_add_instance_multi_sub_mesh_buildings" classname="test_prototype_registry" time="0.004">
		</testcase>
		<testcase name="test_registry_remove_instance_releases_all_slots" classname="test_prototype_registry" time="0.006">
		</testcase>
		<testcase name="test_registry_batch_key_stable_for_same_rids" classname="test_prototype_registry" time="0.006">
		</testcase>
	</testsuite>
	<testsuite id="13" name="test_static_object_renderer_bwide" package="tests/unit" timestamp="2026-05-02T11:35:59" hostname="localhost" tests="9" failures="4" errors="0" skipped="0" flaky="0" time="0.136">
		<testcase name="test_register_mesh_type_detects_lod_chain" classname="test_static_object_renderer_bwide" time="0.008">
		</testcase>
		<testcase name="test_register_simple_mesh_no_lod" classname="test_static_object_renderer_bwide" time="0.012">
		</testcase>
		<testcase name="test_single_instance_per_object" classname="test_static_object_renderer_bwide" time="0.013">
		</testcase>
		<testcase name="test_promotion_hides_single_instance" classname="test_static_object_renderer_bwide" time="0.012">
		</testcase>
		<testcase name="test_cell_spatial_index" classname="test_static_object_renderer_bwide" time="0.014">
		</testcase>
		<testcase name="test_register_lod_from_prototype_compat" classname="test_static_object_renderer_bwide" time="0.012">
		</testcase>
		<testcase name="test_remove_cell_instances" classname="test_static_object_renderer_bwide" time="0.013">
		</testcase>
		<testcase name="test_hlod_covered_bucket_caps_mid_range" classname="test_static_object_renderer_bwide" time="0.013">
			<failure message="FAILED: res://tests/unit/test_static_object_renderer_bwide.gd:194" type="FAILURE">
<![CDATA[
Expecting: not to be '<null>'
]]>
			</failure>
			<failure message="FAILED: res://tests/unit/test_static_object_renderer_bwide.gd:198" type="FAILURE">
<![CDATA[
Expecting:
 '1'
 but was
 '0'
]]>
			</failure>
			<failure message="FAILED: res://tests/unit/test_static_object_renderer_bwide.gd:199" type="FAILURE">
<![CDATA[
Expecting:
 '1'
 but was
 '0'
]]>
			</failure>
		</testcase>
		<testcase name="test_partial_hlod_bucket_coverage_keeps_mid_fallback" classname="test_static_object_renderer_bwide" time="0.012">
			<failure message="FAILED: res://tests/unit/test_static_object_renderer_bwide.gd:220" type="FAILURE">
<![CDATA[
Expecting: not to be '<null>'
]]>
			</failure>
		</testcase>
	</testsuite>
	<testsuite id="14" name="test_streaming_stress_runner_gates" package="tests/unit" timestamp="2026-05-02T11:35:59" hostname="localhost" tests="6" failures="0" errors="0" skipped="0" flaky="0" time="0.042">
		<testcase name="test_static_prepare_log_token_fails_gate" classname="test_streaming_stress_runner_gates" time="0.003">
		</testcase>
		<testcase name="test_max_frame_over_blocking_threshold_fails_gate" classname="test_streaming_stress_runner_gates" time="0.003">
		</testcase>
		<testcase name="test_stream_total_over_blocking_threshold_fails_gate" classname="test_streaming_stress_runner_gates" time="0.007">
		</testcase>
		<testcase name="test_static_publish_spike_field_fails_gate" classname="test_streaming_stress_runner_gates" time="0.005">
		</testcase>
		<testcase name="test_absent_optional_spike_fields_do_not_fail_gate" classname="test_streaming_stress_runner_gates" time="0.006">
		</testcase>
		<testcase name="test_thresholds_keep_legacy_symbols_with_bible_values" classname="test_streaming_stress_runner_gates" time="0.006">
		</testcase>
	</testsuite>
</testsuites>
