<?xml version="1.0" encoding="UTF-8" ?>
<testsuites id="2026-04-07" name="report_17" tests="16" failures="0" skipped="0" flaky="0" time="0.000">
	<testsuite id="0" name="test_basis_packing" package="tests/unit" timestamp="2026-04-07T10:05:11" hostname="localhost" tests="3" failures="0" errors="0" skipped="0" flaky="0" time="0.013">
		<testcase name="test_basis_index_returns_columns" classname="test_basis_packing" time="0.001">
		</testcase>
		<testcase name="test_projection_index_returns_columns" classname="test_basis_packing" time="0.001">
		</testcase>
		<testcase name="test_transform_basis_matches_direct_access" classname="test_basis_packing" time="0.006">
		</testcase>
	</testsuite>
	<testsuite id="1" name="test_coordinate_system" package="tests/unit" timestamp="2026-04-07T10:05:11" hostname="localhost" tests="4" failures="0" errors="0" skipped="0" flaky="0" time="0.029">
		<testcase name="test_vector_to_godot_zero" classname="test_coordinate_system" time="0.003">
		</testcase>
		<testcase name="test_vector_to_godot_axes" classname="test_coordinate_system" time="0.007">
		</testcase>
		<testcase name="test_vector_roundtrip" classname="test_coordinate_system" time="0.007">
		</testcase>
		<testcase name="test_cell_size_is_positive" classname="test_coordinate_system" time="0.006">
		</testcase>
	</testsuite>
	<testsuite id="2" name="test_distance_utils" package="tests/unit" timestamp="2026-04-07T10:05:11" hostname="localhost" tests="9" failures="0" errors="0" skipped="0" flaky="0" time="0.062">
		<testcase name="test_cell_distance_squared_same_cell" classname="test_distance_utils" time="0.001">
		</testcase>
		<testcase name="test_cell_distance_squared_adjacent" classname="test_distance_utils" time="0.005">
		</testcase>
		<testcase name="test_cell_distance_squared_diagonal" classname="test_distance_utils" time="0.006">
		</testcase>
		<testcase name="test_cell_distance_is_sqrt_of_squared" classname="test_distance_utils" time="0.007">
		</testcase>
		<testcase name="test_cell_to_world_center_origin" classname="test_distance_utils" time="0.007">
		</testcase>
		<testcase name="test_world_to_cell_roundtrip" classname="test_distance_utils" time="0.006">
		</testcase>
		<testcase name="test_tier_constants_are_ordered" classname="test_distance_utils" time="0.007">
		</testcase>
		<testcase name="test_distance_to_cell_radius" classname="test_distance_utils" time="0.007">
		</testcase>
		<testcase name="test_is_cell_in_range" classname="test_distance_utils" time="0.006">
		</testcase>
	</testsuite>
</testsuites>
