<?xml version="1.0" encoding="UTF-8" ?>
<testsuites id="2026-03-30" name="report_6" tests="9" failures="0" skipped="0" flaky="0" time="0.000">
	<testsuite id="0" name="test_distance_utils" package="tests/unit" timestamp="2026-03-30T09:35:14" hostname="localhost" tests="9" failures="0" errors="0" skipped="0" flaky="0" time="0.139">
		<testcase name="test_cell_distance_squared_same_cell" classname="test_distance_utils" time="0.007">
		</testcase>
		<testcase name="test_cell_distance_squared_adjacent" classname="test_distance_utils" time="0.007">
		</testcase>
		<testcase name="test_cell_distance_squared_diagonal" classname="test_distance_utils" time="0.006">
		</testcase>
		<testcase name="test_cell_distance_is_sqrt_of_squared" classname="test_distance_utils" time="0.006">
		</testcase>
		<testcase name="test_cell_to_world_center_origin" classname="test_distance_utils" time="0.007">
		</testcase>
		<testcase name="test_world_to_cell_roundtrip" classname="test_distance_utils" time="0.006">
		</testcase>
		<testcase name="test_tier_constants_are_ordered" classname="test_distance_utils" time="0.008">
		</testcase>
		<testcase name="test_distance_to_cell_radius" classname="test_distance_utils" time="0.006">
		</testcase>
		<testcase name="test_is_cell_in_range" classname="test_distance_utils" time="0.007">
		</testcase>
	</testsuite>
</testsuites>
