<?xml version="1.0" encoding="UTF-8" ?>
<testsuites id="2026-05-29" name="report_370" tests="13" failures="0" skipped="0" flaky="0" time="0.000">
	<testsuite id="0" name="test_morrowind_gpu_hydrology_baker" package="tests/unit" timestamp="2026-05-29T16:33:42" hostname="localhost" tests="13" failures="0" errors="0" skipped="0" flaky="0" time="2.459">
		<testcase name="test_offline_global_hydrology_artifact_contract_is_runtime_readable" classname="test_morrowind_gpu_hydrology_baker" time="0.001">
		</testcase>
		<testcase name="test_global_atlas_builder_keeps_river_across_region_border" classname="test_morrowind_gpu_hydrology_baker" time="0.115">
		</testcase>
		<testcase name="test_global_atlas_builder_keeps_cross_region_lake_still" classname="test_morrowind_gpu_hydrology_baker" time="0.004">
		</testcase>
		<testcase name="test_global_atlas_builder_rejects_short_ocean_inlet_at_region_edge" classname="test_morrowind_gpu_hydrology_baker" time="0.002">
		</testcase>
		<testcase name="test_global_atlas_builder_rejects_candidate_without_open_sea" classname="test_morrowind_gpu_hydrology_baker" time="0.006">
		</testcase>
		<testcase name="test_offline_global_hydrology_artifact_rejects_region_scoped_cache_shape" classname="test_morrowind_gpu_hydrology_baker" time="0.005">
		</testcase>
		<testcase name="test_gpu_baker_rejects_enclosed_narrow_channel_as_still" classname="test_morrowind_gpu_hydrology_baker" time="0.302">
		</testcase>
		<testcase name="test_gpu_baker_keeps_broad_basin_still" classname="test_morrowind_gpu_hydrology_baker" time="0.275">
		</testcase>
		<testcase name="test_gpu_baker_rejects_broad_lake_as_river" classname="test_morrowind_gpu_hydrology_baker" time="0.254">
		</testcase>
		<testcase name="test_gpu_baker_rejects_one_sided_coastal_inlet_fringe" classname="test_morrowind_gpu_hydrology_baker" time="0.292">
		</testcase>
		<testcase name="test_gpu_baker_rejects_archipelago_ocean_channels" classname="test_morrowind_gpu_hydrology_baker" time="0.443">
		</testcase>
		<testcase name="test_gpu_baker_preserves_true_river_mouth_with_inland_run" classname="test_morrowind_gpu_hydrology_baker" time="0.376">
		</testcase>
		<testcase name="test_gpu_baker_crop_preserves_river_mouth_inland_run" classname="test_morrowind_gpu_hydrology_baker" time="0.344">
		</testcase>
	</testsuite>
</testsuites>
