<?xml version="1.0" encoding="UTF-8" ?>
<testsuites id="2026-04-17" name="report_81" tests="114" failures="10" skipped="0" flaky="0" time="0.000">
	<testsuite id="0" name="test_basis_packing" package="tests/unit" timestamp="2026-04-17T11:55:35" hostname="localhost" tests="3" failures="0" errors="0" skipped="0" flaky="0" time="0.677">
		<testcase name="test_basis_index_returns_columns" classname="test_basis_packing" time="0.095">
		</testcase>
		<testcase name="test_projection_index_returns_columns" classname="test_basis_packing" time="0.094">
		</testcase>
		<testcase name="test_transform_basis_matches_direct_access" classname="test_basis_packing" time="0.094">
		</testcase>
	</testsuite>
	<testsuite id="1" name="test_coordinate_system" package="tests/unit" timestamp="2026-04-17T11:55:36" hostname="localhost" tests="4" failures="0" errors="0" skipped="0" flaky="0" time="0.878">
		<testcase name="test_vector_to_godot_zero" classname="test_coordinate_system" time="0.093">
		</testcase>
		<testcase name="test_vector_to_godot_axes" classname="test_coordinate_system" time="0.095">
		</testcase>
		<testcase name="test_vector_roundtrip" classname="test_coordinate_system" time="0.093">
		</testcase>
		<testcase name="test_cell_size_is_positive" classname="test_coordinate_system" time="0.093">
		</testcase>
	</testsuite>
	<testsuite id="2" name="test_distance_utils" package="tests/unit" timestamp="2026-04-17T11:55:37" hostname="localhost" tests="9" failures="0" errors="0" skipped="0" flaky="0" time="2.003">
		<testcase name="test_cell_distance_squared_same_cell" classname="test_distance_utils" time="0.094">
		</testcase>
		<testcase name="test_cell_distance_squared_adjacent" classname="test_distance_utils" time="0.094">
		</testcase>
		<testcase name="test_cell_distance_squared_diagonal" classname="test_distance_utils" time="0.095">
		</testcase>
		<testcase name="test_cell_distance_is_sqrt_of_squared" classname="test_distance_utils" time="0.094">
		</testcase>
		<testcase name="test_cell_to_world_center_origin" classname="test_distance_utils" time="0.094">
		</testcase>
		<testcase name="test_world_to_cell_roundtrip" classname="test_distance_utils" time="0.093">
		</testcase>
		<testcase name="test_tier_constants_are_ordered" classname="test_distance_utils" time="0.094">
		</testcase>
		<testcase name="test_distance_to_cell_radius" classname="test_distance_utils" time="0.093">
		</testcase>
		<testcase name="test_is_cell_in_range" classname="test_distance_utils" time="0.094">
		</testcase>
	</testsuite>
	<testsuite id="3" name="test_importermesh_smoke" package="tests/unit" timestamp="2026-04-17T11:55:39" hostname="localhost" tests="2" failures="0" errors="0" skipped="0" flaky="0" time="0.605">
		<testcase name="test_importermesh_generates_lods_at_runtime" classname="test_importermesh_smoke" time="0.207">
		</testcase>
		<testcase name="test_importermesh_preserves_material" classname="test_importermesh_smoke" time="0.126">
		</testcase>
	</testsuite>
	<testsuite id="4" name="test_material_audit" package="tests/unit" timestamp="2026-04-17T11:55:40" hostname="localhost" tests="1" failures="0" errors="0" skipped="0" flaky="0" time="1.797">
		<testcase name="test_multi_surface_materials" classname="test_material_audit" time="1.632">
		</testcase>
	</testsuite>
	<testsuite id="5" name="test_object_paging_kernel" package="tests/unit" timestamp="2026-04-17T11:55:42" hostname="localhost" tests="61" failures="10" errors="0" skipped="0" flaky="0" time="14.572">
		<testcase name="test_empty_input_returns_null" classname="test_object_paging_kernel" time="0.111">
		</testcase>
		<testcase name="test_single_ref_preserves_surface" classname="test_object_paging_kernel" time="0.218">
		</testcase>
		<testcase name="test_chunk_origin_subtracts_from_vertex_positions" classname="test_object_paging_kernel" time="0.097">
		</testcase>
		<testcase name="test_two_refs_same_material_merge_into_one_surface" classname="test_object_paging_kernel" time="0.102">
		</testcase>
		<testcase name="test_two_refs_different_materials_produce_two_surfaces" classname="test_object_paging_kernel" time="0.099">
		</testcase>
		<testcase name="test_materials_preserved_on_merged_surfaces" classname="test_object_paging_kernel" time="0.096">
		</testcase>
		<testcase name="test_estimate_mesh_bytes_scales_with_vertex_count" classname="test_object_paging_kernel" time="0.105">
		</testcase>
		<testcase name="test_null_mesh_bytes_returns_zero" classname="test_object_paging_kernel" time="0.094">
		</testcase>
		<testcase name="test_size_worthy_large_close_mesh_kept" classname="test_object_paging_kernel" time="0.094">
		</testcase>
		<testcase name="test_size_worthy_small_distant_mesh_rejected" classname="test_object_paging_kernel" time="0.094">
		</testcase>
		<testcase name="test_size_worthy_scale_changes_outcome" classname="test_object_paging_kernel" time="0.095">
			<failure message="FAILED: res://tests/unit/test_object_paging_kernel.gd:253" type="FAILURE">
<![CDATA[
Expecting: 'false' but is 'true'
]]>
			</failure>
			<failure message="FAILED: res://tests/unit/test_object_paging_kernel.gd:261" type="FAILURE">
<![CDATA[
Expecting: 'false' but is 'true'
]]>
			</failure>
		</testcase>
		<testcase name="test_size_worthy_exact_boundary_kept" classname="test_object_paging_kernel" time="0.095">
		</testcase>
		<testcase name="test_size_worthy_zero_radius_kept" classname="test_object_paging_kernel" time="0.093">
		</testcase>
		<testcase name="test_size_worthy_zero_distance_kept" classname="test_object_paging_kernel" time="0.094">
		</testcase>
		<testcase name="test_paging_min_size_matches_openmw_default" classname="test_object_paging_kernel" time="0.093">
			<failure message="FAILED: res://tests/unit/test_object_paging_kernel.gd:294" type="FAILURE">
<![CDATA[
Expecting:
 '0.020000'
 in range between
 '0.139000' <> '0.141000'
]]>
			</failure>
			<failure message="FAILED: res://tests/unit/test_object_paging_kernel.gd:295" type="FAILURE">
<![CDATA[
Expecting:
 '0.000400'
 in range between
 '0.019500' <> '0.019700'
]]>
			</failure>
		</testcase>
		<testcase name="test_type_eligible_static_always_paged" classname="test_object_paging_kernel" time="0.092">
		</testcase>
		<testcase name="test_type_eligible_door_and_activator_always_paged" classname="test_object_paging_kernel" time="0.094">
		</testcase>
		<testcase name="test_type_eligible_container_size_aware" classname="test_object_paging_kernel" time="0.095">
		</testcase>
		<testcase name="test_type_eligible_light_never_paged" classname="test_object_paging_kernel" time="0.094">
		</testcase>
		<testcase name="test_type_eligible_inventory_and_actors_rejected" classname="test_object_paging_kernel" time="0.093">
		</testcase>
		<testcase name="test_type_eligible_unknown_defaults_to_reject" classname="test_object_paging_kernel" time="0.093">
		</testcase>
		<testcase name="test_analyze_empty_input" classname="test_object_paging_kernel" time="0.094">
		</testcase>
		<testcase name="test_analyze_single_unique_type_not_merged" classname="test_object_paging_kernel" time="0.098">
			<failure message="FAILED: res://tests/unit/test_object_paging_kernel.gd:379" type="FAILURE">
<![CDATA[
Single unique-material type must not merge (no shared materials = benefit 0).
]]>
			</failure>
		</testcase>
		<testcase name="test_analyze_two_types_shared_material_both_merged" classname="test_object_paging_kernel" time="0.097">
		</testcase>
		<testcase name="test_analyze_two_types_distinct_materials_not_merged" classname="test_object_paging_kernel" time="0.098">
			<failure message="FAILED: res://tests/unit/test_object_paging_kernel.gd:425" type="FAILURE">
<![CDATA[
Expecting: 'false' but is 'true'
]]>
			</failure>
			<failure message="FAILED: res://tests/unit/test_object_paging_kernel.gd:426" type="FAILURE">
<![CDATA[
Expecting: 'false' but is 'true'
]]>
			</failure>
		</testcase>
		<testcase name="test_analyze_size_level_affects_decision" classname="test_object_paging_kernel" time="0.097">
		</testcase>
		<testcase name="test_analyze_zero_vert_degenerate" classname="test_object_paging_kernel" time="0.094">
		</testcase>
		<testcase name="test_paging_merge_factor_matches_openmw_default" classname="test_object_paging_kernel" time="0.094">
		</testcase>
		<testcase name="test_chunk_key_size_level_0_identity" classname="test_object_paging_kernel" time="0.095">
		</testcase>
		<testcase name="test_chunk_key_size_level_1_aligns_to_even" classname="test_object_paging_kernel" time="0.095">
		</testcase>
		<testcase name="test_chunk_key_size_level_2_handles_negative_cells" classname="test_object_paging_kernel" time="0.093">
		</testcase>
		<testcase name="test_chunk_center_world_origin_cell" classname="test_object_paging_kernel" time="0.096">
		</testcase>
		<testcase name="test_chunk_center_world_size_level_2" classname="test_object_paging_kernel" time="0.094">
		</testcase>
		<testcase name="test_paging_band_end_values" classname="test_object_paging_kernel" time="0.097">
		</testcase>
		<testcase name="test_paging_band_boundaries_contiguous" classname="test_object_paging_kernel" time="0.093">
		</testcase>
		<testcase name="test_paging_ring_radius_bounds" classname="test_object_paging_kernel" time="0.094">
		</testcase>
		<testcase name="test_paging_hysteresis_matches_existing_scheme" classname="test_object_paging_kernel" time="0.094">
		</testcase>
		<testcase name="test_top_down_walk_no_cell_double_coverage" classname="test_object_paging_kernel" time="0.102">
		</testcase>
		<testcase name="test_top_down_walk_band_membership" classname="test_object_paging_kernel" time="0.098">
		</testcase>
		<testcase name="test_top_down_walk_all_tiers_populated_from_origin" classname="test_object_paging_kernel" time="0.094">
			<failure message="FAILED: res://tests/unit/test_object_paging_kernel.gd:624" type="FAILURE">
<![CDATA[
No size_level=0 chunks desired — band [150,300) should produce chunks at origin.
]]>
			</failure>
		</testcase>
		<testcase name="test_top_down_walk_large_chunk_blocks_smaller_overlap" classname="test_object_paging_kernel" time="0.093">
		</testcase>
		<testcase name="test_is_within_retention_for_tier_0_bounds" classname="test_object_paging_kernel" time="0.094">
		</testcase>
		<testcase name="test_hysteresis_retains_active_chunk_past_strict_band" classname="test_object_paging_kernel" time="0.094">
		</testcase>
		<testcase name="test_hysteresis_releases_active_chunk_past_retention_edge" classname="test_object_paging_kernel" time="0.095">
		</testcase>
		<testcase name="test_hysteresis_retained_chunk_blocks_retiering_walk" classname="test_object_paging_kernel" time="0.095">
		</testcase>
		<testcase name="test_hysteresis_no_effect_with_empty_active_chunks" classname="test_object_paging_kernel" time="0.101">
		</testcase>
		<testcase name="test_hysteresis_pre_pass_and_walk_never_double_cover" classname="test_object_paging_kernel" time="0.100">
		</testcase>
		<testcase name="test_teleport_first_call_never_fires" classname="test_object_paging_kernel" time="0.095">
		</testcase>
		<testcase name="test_teleport_small_motion_below_threshold" classname="test_object_paging_kernel" time="0.093">
		</testcase>
		<testcase name="test_teleport_large_jump_fires" classname="test_object_paging_kernel" time="0.093">
		</testcase>
		<testcase name="test_teleport_threshold_matches_plan" classname="test_object_paging_kernel" time="0.093">
		</testcase>
		<testcase name="test_paging_min_size_merge_factor_matches_openmw" classname="test_object_paging_kernel" time="0.094">
		</testcase>
		<testcase name="test_min_size_merged_sq_zero_benefit_collapses_to_base" classname="test_object_paging_kernel" time="0.096">
		</testcase>
		<testcase name="test_min_size_merged_sq_strong_merge_loosens_threshold" classname="test_object_paging_kernel" time="0.093">
		</testcase>
		<testcase name="test_min_size_merged_sq_weak_merge_tightens_to_base" classname="test_object_paging_kernel" time="0.094">
		</testcase>
		<testcase name="test_analyze_rejected_type_has_zero_min_size_merged" classname="test_object_paging_kernel" time="0.097">
			<failure message="FAILED: res://tests/unit/test_object_paging_kernel.gd:898" type="FAILURE">
<![CDATA[
Expecting: 'false' but is 'true'
]]>
			</failure>
			<failure message="FAILED: res://tests/unit/test_object_paging_kernel.gd:899" type="FAILURE">
<![CDATA[
Expecting:
 '0.000102'
 in range between
 '-0.000100' <> '0.000100'
]]>
			</failure>
		</testcase>
		<testcase name="test_analyze_merged_type_has_positive_min_size_merged" classname="test_object_paging_kernel" time="0.103">
		</testcase>
		<testcase name="test_flatten_drops_sub_threshold_ref_via_second_pass" classname="test_object_paging_kernel" time="0.101">
		</testcase>
		<testcase name="test_flatten_second_pass_noop_when_ref_metrics_missing" classname="test_object_paging_kernel" time="0.098">
		</testcase>
		<testcase name="test_size_worthy_reevaluation_after_camera_approach" classname="test_object_paging_kernel" time="0.096">
		</testcase>
		<testcase name="test_normals_transformed_by_ref_rotation" classname="test_object_paging_kernel" time="0.096">
		</testcase>
	</testsuite>
	<testsuite id="6" name="test_octahedral_encoding" package="tests/unit" timestamp="2026-04-17T11:55:57" hostname="localhost" tests="5" failures="0" errors="0" skipped="0" flaky="0" time="1.132">
		<testcase name="test_sphere_round_trip" classname="test_octahedral_encoding" time="0.099">
		</testcase>
		<testcase name="test_hemi_round_trip" classname="test_octahedral_encoding" time="0.097">
		</testcase>
		<testcase name="test_hemi_all_above_horizon" classname="test_octahedral_encoding" time="0.096">
		</testcase>
		<testcase name="test_sphere_covers_both_hemispheres" classname="test_octahedral_encoding" time="0.093">
		</testcase>
		<testcase name="test_generate_directions_count_and_unit_length" classname="test_octahedral_encoding" time="0.097">
		</testcase>
	</testsuite>
	<testsuite id="7" name="test_player_controller_interaction" package="tests/unit" timestamp="2026-04-17T11:55:58" hostname="localhost" tests="12" failures="0" errors="0" skipped="0" flaky="0" time="2.705">
		<testcase name="test_register_gate_increments_count" classname="test_player_controller_interaction" time="0.096">
		</testcase>
		<testcase name="test_register_gate_idempotent" classname="test_player_controller_interaction" time="0.096">
		</testcase>
		<testcase name="test_unregister_gate_removes" classname="test_player_controller_interaction" time="0.095">
		</testcase>
		<testcase name="test_register_null_gate_is_safe" classname="test_player_controller_interaction" time="0.142">
		</testcase>
		<testcase name="test_tree_exiting_self_heal_removes_freed_gate" classname="test_player_controller_interaction" time="0.101">
		</testcase>
		<testcase name="test_is_modal_ui_open_reflects_state" classname="test_player_controller_interaction" time="0.095">
		</testcase>
		<testcase name="test_tap_emits_on_quick_press_release" classname="test_player_controller_interaction" time="0.100">
		</testcase>
		<testcase name="test_hold_begin_emits_after_threshold" classname="test_player_controller_interaction" time="0.102">
		</testcase>
		<testcase name="test_release_emits_after_hold" classname="test_player_controller_interaction" time="0.101">
		</testcase>
		<testcase name="test_modal_gate_suppresses_press" classname="test_player_controller_interaction" time="0.094">
		</testcase>
		<testcase name="test_emit_interact_tap_routes_to_raycaster_target" classname="test_player_controller_interaction" time="0.091">
		</testcase>
		<testcase name="test_emit_interact_tap_no_raycaster_is_safe" classname="test_player_controller_interaction" time="0.094">
		</testcase>
	</testsuite>
	<testsuite id="8" name="test_prototype_registry" package="tests/unit" timestamp="2026-04-17T11:56:01" hostname="localhost" tests="10" failures="0" errors="0" skipped="0" flaky="0" time="2.233">
		<testcase name="test_batch_init_capacity" classname="test_prototype_registry" time="0.094">
		</testcase>
		<testcase name="test_batch_acquire_and_release" classname="test_prototype_registry" time="0.094">
		</testcase>
		<testcase name="test_batch_freelist_reuses_slot" classname="test_prototype_registry" time="0.095">
		</testcase>
		<testcase name="test_batch_grows_beyond_initial_capacity" classname="test_prototype_registry" time="0.095">
		</testcase>
		<testcase name="test_registry_get_or_create_batch_dedupes" classname="test_prototype_registry" time="0.094">
		</testcase>
		<testcase name="test_registry_different_materials_different_batches" classname="test_prototype_registry" time="0.117">
		</testcase>
		<testcase name="test_registry_add_instance_single_sub_mesh" classname="test_prototype_registry" time="0.095">
		</testcase>
		<testcase name="test_registry_add_instance_multi_sub_mesh_buildings" classname="test_prototype_registry" time="0.096">
		</testcase>
		<testcase name="test_registry_remove_instance_releases_all_slots" classname="test_prototype_registry" time="0.096">
		</testcase>
		<testcase name="test_registry_batch_key_stable_for_same_rids" classname="test_prototype_registry" time="0.095">
		</testcase>
	</testsuite>
	<testsuite id="9" name="test_static_object_renderer_bwide" package="tests/unit" timestamp="2026-04-17T11:56:03" hostname="localhost" tests="7" failures="0" errors="0" skipped="0" flaky="0" time="1.560">
		<testcase name="test_register_mesh_type_detects_lod_chain" classname="test_static_object_renderer_bwide" time="0.099">
		</testcase>
		<testcase name="test_register_simple_mesh_no_lod" classname="test_static_object_renderer_bwide" time="0.095">
		</testcase>
		<testcase name="test_single_instance_per_object" classname="test_static_object_renderer_bwide" time="0.101">
		</testcase>
		<testcase name="test_promotion_hides_single_instance" classname="test_static_object_renderer_bwide" time="0.104">
		</testcase>
		<testcase name="test_cell_spatial_index" classname="test_static_object_renderer_bwide" time="0.099">
		</testcase>
		<testcase name="test_register_lod_from_prototype_compat" classname="test_static_object_renderer_bwide" time="0.102">
		</testcase>
		<testcase name="test_remove_cell_instances" classname="test_static_object_renderer_bwide" time="0.100">
		</testcase>
	</testsuite>
</testsuites>
