<?xml version="1.0" encoding="UTF-8" ?>
<testsuites id="2026-05-10" name="report_205" tests="29" failures="0" skipped="0" flaky="0" time="0.000">
	<testsuite id="0" name="test_character_controller_phase0_baseline" package="tests/unit" timestamp="2026-05-10T12:53:52" hostname="localhost" tests="29" failures="0" errors="0" skipped="0" flaky="0" time="0.090">
		<testcase name="test_process_runs_one_push_pass_after_movement" classname="test_character_controller_phase0_baseline" time="0.001">
		</testcase>
		<testcase name="test_moving_crouch_resolves_to_crouch" classname="test_character_controller_phase0_baseline" time="0.001">
		</testcase>
		<testcase name="test_sprint_priority_beats_default_run" classname="test_character_controller_phase0_baseline" time="0.001">
		</testcase>
		<testcase name="test_jump_priority_beats_sprint_and_run" classname="test_character_controller_phase0_baseline" time="0.001">
		</testcase>
		<testcase name="test_forward_input_defaults_to_run_action" classname="test_character_controller_phase0_baseline" time="0.001">
		</testcase>
		<testcase name="test_sprint_is_added_only_on_top_of_movement" classname="test_character_controller_phase0_baseline" time="0.000">
		</testcase>
		<testcase name="test_walk_action_is_intentionally_unbound" classname="test_character_controller_phase0_baseline" time="0.000">
		</testcase>
		<testcase name="test_swim_pitch_uses_water_context_during_input_gather" classname="test_character_controller_phase0_baseline" time="0.001">
		</testcase>
		<testcase name="test_movement_config_presets_load" classname="test_character_controller_phase0_baseline" time="0.001">
		</testcase>
		<testcase name="test_movement_config_controls_run_speed" classname="test_character_controller_phase0_baseline" time="0.001">
		</testcase>
		<testcase name="test_movement_config_controls_jump_velocity" classname="test_character_controller_phase0_baseline" time="0.002">
		</testcase>
		<testcase name="test_movement_config_controls_step_height" classname="test_character_controller_phase0_baseline" time="0.002">
		</testcase>
		<testcase name="test_movement_config_controls_backward_run_multiplier" classname="test_character_controller_phase0_baseline" time="0.001">
		</testcase>
		<testcase name="test_movement_config_can_disable_sprint" classname="test_character_controller_phase0_baseline" time="0.002">
		</testcase>
		<testcase name="test_move_elapsed_time_uses_supplied_physics_delta" classname="test_character_controller_phase0_baseline" time="0.002">
		</testcase>
		<testcase name="test_movement_config_has_explicit_jump_grace_defaults" classname="test_character_controller_phase0_baseline" time="0.000">
		</testcase>
		<testcase name="test_coyote_time_keeps_jump_available_after_ground_loss" classname="test_character_controller_phase0_baseline" time="0.001">
		</testcase>
		<testcase name="test_expired_coyote_time_rejects_late_jump" classname="test_character_controller_phase0_baseline" time="0.001">
		</testcase>
		<testcase name="test_jump_buffer_fires_on_landing_frame" classname="test_character_controller_phase0_baseline" time="0.001">
		</testcase>
		<testcase name="test_zero_jump_buffer_keeps_immediate_ground_jump" classname="test_character_controller_phase0_baseline" time="0.002">
		</testcase>
		<testcase name="test_player_controller_camera_pivot_follows_movement_posture" classname="test_character_controller_phase0_baseline" time="0.015">
		</testcase>
		<testcase name="test_interaction_ray_origin_follows_camera_pivot_posture" classname="test_character_controller_phase0_baseline" time="0.001">
		</testcase>
		<testcase name="test_move_container_publishes_crouch_posture" classname="test_character_controller_phase0_baseline" time="0.001">
		</testcase>
		<testcase name="test_character_motor_processes_movement_without_animation_system" classname="test_character_controller_phase0_baseline" time="0.001">
		</testcase>
		<testcase name="test_player_controller_attaches_character_motor_without_animation_system" classname="test_character_controller_phase0_baseline" time="0.002">
		</testcase>
		<testcase name="test_animation_system_observes_movement_state" classname="test_character_controller_phase0_baseline" time="0.011">
		</testcase>
		<testcase name="test_animation_system_forces_idle_after_sprint_state" classname="test_character_controller_phase0_baseline" time="0.004">
		</testcase>
		<testcase name="test_player_controller_ensure_input_actions_keeps_walk_unbound" classname="test_character_controller_phase0_baseline" time="0.004">
		</testcase>
		<testcase name="test_player_controller_ensure_input_actions_binds_ctrl_to_crouch" classname="test_character_controller_phase0_baseline" time="0.004">
		</testcase>
	</testsuite>
</testsuites>
