<?xml version="1.0" encoding="UTF-8" ?>
<testsuites id="2026-04-12" name="report_38" tests="42" failures="0" skipped="0" flaky="0" time="0.000">
	<testsuite id="0" name="test_basis_packing" package="tests/unit" timestamp="2026-04-12T11:33:19" hostname="localhost" tests="3" failures="0" errors="0" skipped="0" flaky="0" time="0.667">
		<testcase name="test_basis_index_returns_columns" classname="test_basis_packing" time="0.094">
		</testcase>
		<testcase name="test_projection_index_returns_columns" classname="test_basis_packing" time="0.079">
		</testcase>
		<testcase name="test_transform_basis_matches_direct_access" classname="test_basis_packing" time="0.094">
		</testcase>
	</testsuite>
	<testsuite id="1" name="test_coordinate_system" package="tests/unit" timestamp="2026-04-12T11:33:20" hostname="localhost" tests="4" failures="0" errors="0" skipped="0" flaky="0" time="0.914">
		<testcase name="test_vector_to_godot_zero" classname="test_coordinate_system" time="0.093">
		</testcase>
		<testcase name="test_vector_to_godot_axes" classname="test_coordinate_system" time="0.095">
		</testcase>
		<testcase name="test_vector_roundtrip" classname="test_coordinate_system" time="0.093">
		</testcase>
		<testcase name="test_cell_size_is_positive" classname="test_coordinate_system" time="0.096">
		</testcase>
	</testsuite>
	<testsuite id="2" name="test_distance_utils" package="tests/unit" timestamp="2026-04-12T11:33:21" hostname="localhost" tests="9" failures="0" errors="0" skipped="0" flaky="0" time="1.961">
		<testcase name="test_cell_distance_squared_same_cell" classname="test_distance_utils" time="0.079">
		</testcase>
		<testcase name="test_cell_distance_squared_adjacent" classname="test_distance_utils" time="0.095">
		</testcase>
		<testcase name="test_cell_distance_squared_diagonal" classname="test_distance_utils" time="0.095">
		</testcase>
		<testcase name="test_cell_distance_is_sqrt_of_squared" classname="test_distance_utils" time="0.094">
		</testcase>
		<testcase name="test_cell_to_world_center_origin" classname="test_distance_utils" time="0.096">
		</testcase>
		<testcase name="test_world_to_cell_roundtrip" classname="test_distance_utils" time="0.094">
		</testcase>
		<testcase name="test_tier_constants_are_ordered" classname="test_distance_utils" time="0.094">
		</testcase>
		<testcase name="test_distance_to_cell_radius" classname="test_distance_utils" time="0.095">
		</testcase>
		<testcase name="test_is_cell_in_range" classname="test_distance_utils" time="0.080">
		</testcase>
	</testsuite>
	<testsuite id="3" name="test_importermesh_smoke" package="tests/unit" timestamp="2026-04-12T11:33:23" hostname="localhost" tests="2" failures="0" errors="0" skipped="0" flaky="0" time="0.637">
		<testcase name="test_importermesh_generates_lods_at_runtime" classname="test_importermesh_smoke" time="0.209">
		</testcase>
		<testcase name="test_importermesh_preserves_material" classname="test_importermesh_smoke" time="0.141">
		</testcase>
	</testsuite>
	<testsuite id="4" name="test_octahedral_encoding" package="tests/unit" timestamp="2026-04-12T11:33:24" hostname="localhost" tests="5" failures="0" errors="0" skipped="0" flaky="0" time="1.119">
		<testcase name="test_sphere_round_trip" classname="test_octahedral_encoding" time="0.100">
		</testcase>
		<testcase name="test_hemi_round_trip" classname="test_octahedral_encoding" time="0.099">
		</testcase>
		<testcase name="test_hemi_all_above_horizon" classname="test_octahedral_encoding" time="0.095">
		</testcase>
		<testcase name="test_sphere_covers_both_hemispheres" classname="test_octahedral_encoding" time="0.079">
		</testcase>
		<testcase name="test_generate_directions_count_and_unit_length" classname="test_octahedral_encoding" time="0.097">
		</testcase>
	</testsuite>
	<testsuite id="5" name="test_player_controller_interaction" package="tests/unit" timestamp="2026-04-12T11:33:25" hostname="localhost" tests="12" failures="0" errors="0" skipped="0" flaky="0" time="2.652">
		<testcase name="test_register_gate_increments_count" classname="test_player_controller_interaction" time="0.096">
		</testcase>
		<testcase name="test_register_gate_idempotent" classname="test_player_controller_interaction" time="0.092">
		</testcase>
		<testcase name="test_unregister_gate_removes" classname="test_player_controller_interaction" time="0.094">
		</testcase>
		<testcase name="test_register_null_gate_is_safe" classname="test_player_controller_interaction" time="0.143">
		</testcase>
		<testcase name="test_tree_exiting_self_heal_removes_freed_gate" classname="test_player_controller_interaction" time="0.102">
		</testcase>
		<testcase name="test_is_modal_ui_open_reflects_state" classname="test_player_controller_interaction" time="0.095">
		</testcase>
		<testcase name="test_tap_emits_on_quick_press_release" classname="test_player_controller_interaction" time="0.103">
		</testcase>
		<testcase name="test_hold_begin_emits_after_threshold" classname="test_player_controller_interaction" time="0.087">
		</testcase>
		<testcase name="test_release_emits_after_hold" classname="test_player_controller_interaction" time="0.102">
		</testcase>
		<testcase name="test_modal_gate_suppresses_press" classname="test_player_controller_interaction" time="0.094">
		</testcase>
		<testcase name="test_emit_interact_tap_routes_to_raycaster_target" classname="test_player_controller_interaction" time="0.094">
		</testcase>
		<testcase name="test_emit_interact_tap_no_raycaster_is_safe" classname="test_player_controller_interaction" time="0.095">
		</testcase>
	</testsuite>
	<testsuite id="6" name="test_static_object_renderer_bwide" package="tests/unit" timestamp="2026-04-12T11:33:28" hostname="localhost" tests="7" failures="0" errors="0" skipped="0" flaky="0" time="1.709">
		<testcase name="test_register_mesh_type_detects_lod_chain" classname="test_static_object_renderer_bwide" time="0.123">
		</testcase>
		<testcase name="test_register_simple_mesh_no_lod" classname="test_static_object_renderer_bwide" time="0.065">
		</testcase>
		<testcase name="test_single_instance_per_object" classname="test_static_object_renderer_bwide" time="0.137">
		</testcase>
		<testcase name="test_promotion_hides_single_instance" classname="test_static_object_renderer_bwide" time="0.125">
		</testcase>
		<testcase name="test_cell_spatial_index" classname="test_static_object_renderer_bwide" time="0.127">
		</testcase>
		<testcase name="test_register_lod_from_prototype_compat" classname="test_static_object_renderer_bwide" time="0.129">
		</testcase>
		<testcase name="test_remove_cell_instances" classname="test_static_object_renderer_bwide" time="0.129">
		</testcase>
	</testsuite>
</testsuites>
