<?xml version="1.0" encoding="UTF-8" ?>
<testsuites id="2026-05-09" name="report_199" tests="8" failures="0" skipped="0" flaky="0" time="0.000">
	<testsuite id="0" name="test_character_controller_phase0_baseline" package="tests/unit" timestamp="2026-05-10T01:14:45" hostname="localhost" tests="8" failures="0" errors="0" skipped="0" flaky="0" time="0.013">
		<testcase name="test_process_runs_one_push_pass_after_movement" classname="test_character_controller_phase0_baseline" time="0.002">
		</testcase>
		<testcase name="test_moving_crouch_resolves_to_crouch" classname="test_character_controller_phase0_baseline" time="0.001">
		</testcase>
		<testcase name="test_sprint_priority_beats_default_run" classname="test_character_controller_phase0_baseline" time="0.001">
		</testcase>
		<testcase name="test_jump_priority_beats_sprint_and_run" classname="test_character_controller_phase0_baseline" time="0.001">
		</testcase>
		<testcase name="test_forward_input_defaults_to_run_action" classname="test_character_controller_phase0_baseline" time="0.001">
		</testcase>
		<testcase name="test_sprint_is_added_only_on_top_of_movement" classname="test_character_controller_phase0_baseline" time="0.000">
		</testcase>
		<testcase name="test_walk_action_is_intentionally_unbound" classname="test_character_controller_phase0_baseline" time="0.000">
		</testcase>
		<testcase name="test_swim_pitch_uses_water_context_during_input_gather" classname="test_character_controller_phase0_baseline" time="0.001">
		</testcase>
	</testsuite>
</testsuites>
