<?xml version="1.0" encoding="UTF-8" ?>
<testsuites id="2026-04-07" name="report_16" tests="16" failures="0" skipped="0" flaky="0" time="0.000">
	<testsuite id="0" name="test_basis_packing" package="tests/unit" timestamp="2026-04-07T10:04:49" hostname="localhost" tests="3" failures="0" errors="0" skipped="0" flaky="0" time="0.681">
		<testcase name="test_basis_index_returns_columns" classname="test_basis_packing" time="0.094">
		</testcase>
		<testcase name="test_projection_index_returns_columns" classname="test_basis_packing" time="0.094">
		</testcase>
		<testcase name="test_transform_basis_matches_direct_access" classname="test_basis_packing" time="0.078">
		</testcase>
	</testsuite>
	<testsuite id="1" name="test_coordinate_system" package="tests/unit" timestamp="2026-04-07T10:04:50" hostname="localhost" tests="4" failures="0" errors="0" skipped="0" flaky="0" time="0.917">
		<testcase name="test_vector_to_godot_zero" classname="test_coordinate_system" time="0.095">
		</testcase>
		<testcase name="test_vector_to_godot_axes" classname="test_coordinate_system" time="0.094">
		</testcase>
		<testcase name="test_vector_roundtrip" classname="test_coordinate_system" time="0.094">
		</testcase>
		<testcase name="test_cell_size_is_positive" classname="test_coordinate_system" time="0.096">
		</testcase>
	</testsuite>
	<testsuite id="2" name="test_distance_utils" package="tests/unit" timestamp="2026-04-07T10:04:51" hostname="localhost" tests="9" failures="0" errors="0" skipped="0" flaky="0" time="1.895">
		<testcase name="test_cell_distance_squared_same_cell" classname="test_distance_utils" time="0.094">
		</testcase>
		<testcase name="test_cell_distance_squared_adjacent" classname="test_distance_utils" time="0.093">
		</testcase>
		<testcase name="test_cell_distance_squared_diagonal" classname="test_distance_utils" time="0.095">
		</testcase>
		<testcase name="test_cell_distance_is_sqrt_of_squared" classname="test_distance_utils" time="0.097">
		</testcase>
		<testcase name="test_cell_to_world_center_origin" classname="test_distance_utils" time="0.047">
		</testcase>
		<testcase name="test_world_to_cell_roundtrip" classname="test_distance_utils" time="0.096">
		</testcase>
		<testcase name="test_tier_constants_are_ordered" classname="test_distance_utils" time="0.093">
		</testcase>
		<testcase name="test_distance_to_cell_radius" classname="test_distance_utils" time="0.079">
		</testcase>
		<testcase name="test_is_cell_in_range" classname="test_distance_utils" time="0.095">
		</testcase>
	</testsuite>
</testsuites>
