<?xml version="1.0" encoding="UTF-8" ?>
<testsuites id="2026-05-28" name="report_314" tests="288" failures="7" skipped="0" flaky="0" time="0.000">
	<testsuite id="0" name="test_adapter_boundary" package="tests/unit" timestamp="2026-05-28T16:27:01" hostname="localhost" tests="7" failures="6" errors="0" skipped="0" flaky="0" time="1.151">
		<testcase name="test_generic_core_does_not_add_new_source_specific_leaks" classname="test_adapter_boundary" time="0.386">
			<failure message="FAILED: res://tests/unit/test_adapter_boundary.gd:237" type="FAILURE">
<![CDATA[
src/core/shaders/effects/surface_refraction_compositor_effect.gd added source-specific framework leaks; move the logic behind an adapter/provider
]]>
			</failure>
			<failure message="FAILED: res://tests/unit/test_adapter_boundary.gd:237" type="FAILURE">
<![CDATA[
src/core/shaders/effects/underwater_compositor_effect.gd added source-specific framework leaks; move the logic behind an adapter/provider
]]>
			</failure>
			<failure message="FAILED: res://tests/unit/test_adapter_boundary.gd:237" type="FAILURE">
<![CDATA[
src/core/shaders/effects/waterline_compositor_effect.gd added source-specific framework leaks; move the logic behind an adapter/provider
]]>
			</failure>
			<failure message="FAILED: res://tests/unit/test_adapter_boundary.gd:237" type="FAILURE">
<![CDATA[
src/core/water/surface_refraction_layer.gd added source-specific framework leaks; move the logic behind an adapter/provider
]]>
			</failure>
			<failure message="FAILED: res://tests/unit/test_adapter_boundary.gd:237" type="FAILURE">
<![CDATA[
src/core/water/water_interaction_sim.gd added source-specific framework leaks; move the logic behind an adapter/provider
]]>
			</failure>
		</testcase>
		<testcase name="test_generic_core_source_bridge_debt_does_not_expand" classname="test_adapter_boundary" time="0.141">
		</testcase>
		<testcase name="test_generic_core_source_bridge_markers_match_debt_ledger" classname="test_adapter_boundary" time="0.173">
		</testcase>
		<testcase name="test_generic_world_boundary_markers_match_exact_debt_ledger" classname="test_adapter_boundary" time="0.092">
		</testcase>
		<testcase name="test_generic_world_has_no_direct_source_adapter_resource_refs" classname="test_adapter_boundary" time="0.048">
		</testcase>
		<testcase name="test_generic_core_does_not_add_new_morrowind_adapter_preloads" classname="test_adapter_boundary" time="0.105">
		</testcase>
		<testcase name="test_boundary_ratchet_covers_project_native_and_active_docs" classname="test_adapter_boundary" time="0.187">
			<failure message="FAILED: res://tests/unit/test_adapter_boundary.gd:335" type="FAILURE">
<![CDATA[
src/core/water/shaders/ocean_boujie_experimental_common.gdshaderinc added source-specific leakage outside GDScript core (2 > 0); move source logic to adapters/importers or lower the ratchet after cleanup
]]>
			</failure>
		</testcase>
	</testsuite>
	<testsuite id="1" name="test_auto_bench_runner" package="tests/unit" timestamp="2026-05-28T16:27:02" hostname="localhost" tests="5" failures="0" errors="0" skipped="0" flaky="0" time="0.032">
		<testcase name="test_summarize_empty_samples" classname="test_auto_bench_runner" time="0.001">
		</testcase>
		<testcase name="test_summarize_single_sample_reports_min_equals_max" classname="test_auto_bench_runner" time="0.002">
		</testcase>
		<testcase name="test_summarize_multi_sample_aggregates" classname="test_auto_bench_runner" time="0.005">
		</testcase>
		<testcase name="test_sample_once_per_second_dedup" classname="test_auto_bench_runner" time="0.007">
		</testcase>
		<testcase name="test_summarize_output_is_json_serializable" classname="test_auto_bench_runner" time="0.006">
		</testcase>
	</testsuite>
	<testsuite id="2" name="test_basis_packing" package="tests/unit" timestamp="2026-05-28T16:27:03" hostname="localhost" tests="3" failures="0" errors="0" skipped="0" flaky="0" time="0.020">
		<testcase name="test_basis_index_returns_columns" classname="test_basis_packing" time="0.002">
		</testcase>
		<testcase name="test_projection_index_returns_columns" classname="test_basis_packing" time="0.007">
		</testcase>
		<testcase name="test_transform_basis_matches_direct_access" classname="test_basis_packing" time="0.006">
		</testcase>
	</testsuite>
	<testsuite id="3" name="test_bench_ladder_runner" package="tests/unit" timestamp="2026-05-28T16:27:03" hostname="localhost" tests="9" failures="0" errors="0" skipped="0" flaky="0" time="0.064">
		<testcase name="test_rung_zero_is_empty" classname="test_bench_ladder_runner" time="0.002">
		</testcase>
		<testcase name="test_rung_one_has_first_ladder_flag" classname="test_bench_ladder_runner" time="0.001">
		</testcase>
		<testcase name="test_rung_is_cumulative_additive" classname="test_bench_ladder_runner" time="0.006">
		</testcase>
		<testcase name="test_rung_beyond_ladder_label" classname="test_bench_ladder_runner" time="0.007">
		</testcase>
		<testcase name="test_summarize_empty_samples" classname="test_bench_ladder_runner" time="0.006">
		</testcase>
		<testcase name="test_summarize_aggregates_and_maxes" classname="test_bench_ladder_runner" time="0.006">
		</testcase>
		<testcase name="test_sample_once_per_second_dedup" classname="test_bench_ladder_runner" time="0.006">
		</testcase>
		<testcase name="test_ladder_add_order_covers_all_toggle_names" classname="test_bench_ladder_runner" time="0.006">
		</testcase>
		<testcase name="test_summary_round_trips_through_json" classname="test_bench_ladder_runner" time="0.005">
		</testcase>
	</testsuite>
	<testsuite id="4" name="test_boujie_refraction_contract" package="tests/unit" timestamp="2026-05-28T16:27:03" hostname="localhost" tests="1" failures="0" errors="0" skipped="0" flaky="0" time="0.007">
		<testcase name="test_boujie_refraction_is_gated_by_optical_and_weather_visibility" classname="test_boujie_refraction_contract" time="0.004">
		</testcase>
	</testsuite>
	<testsuite id="5" name="test_coordinate_system" package="tests/unit" timestamp="2026-05-28T16:27:03" hostname="localhost" tests="4" failures="0" errors="0" skipped="0" flaky="0" time="0.028">
		<testcase name="test_vector_to_godot_zero" classname="test_coordinate_system" time="0.002">
		</testcase>
		<testcase name="test_vector_to_godot_axes" classname="test_coordinate_system" time="0.007">
		</testcase>
		<testcase name="test_vector_roundtrip" classname="test_coordinate_system" time="0.006">
		</testcase>
		<testcase name="test_cell_size_is_positive" classname="test_coordinate_system" time="0.007">
		</testcase>
	</testsuite>
	<testsuite id="6" name="test_distance_utils" package="tests/unit" timestamp="2026-05-28T16:27:03" hostname="localhost" tests="9" failures="0" errors="0" skipped="0" flaky="0" time="0.063">
		<testcase name="test_cell_distance_squared_same_cell" classname="test_distance_utils" time="0.002">
		</testcase>
		<testcase name="test_cell_distance_squared_adjacent" classname="test_distance_utils" time="0.001">
		</testcase>
		<testcase name="test_cell_distance_squared_diagonal" classname="test_distance_utils" time="0.006">
		</testcase>
		<testcase name="test_cell_distance_is_sqrt_of_squared" classname="test_distance_utils" time="0.005">
		</testcase>
		<testcase name="test_cell_to_world_center_origin" classname="test_distance_utils" time="0.006">
		</testcase>
		<testcase name="test_world_to_cell_roundtrip" classname="test_distance_utils" time="0.006">
		</testcase>
		<testcase name="test_tier_constants_are_ordered" classname="test_distance_utils" time="0.006">
		</testcase>
		<testcase name="test_distance_to_cell_radius" classname="test_distance_utils" time="0.006">
		</testcase>
		<testcase name="test_is_cell_in_range" classname="test_distance_utils" time="0.007">
		</testcase>
	</testsuite>
	<testsuite id="7" name="test_importermesh_smoke" package="tests/unit" timestamp="2026-05-28T16:27:03" hostname="localhost" tests="2" failures="0" errors="0" skipped="0" flaky="0" time="0.076">
		<testcase name="test_importermesh_generates_lods_at_runtime" classname="test_importermesh_smoke" time="0.035">
		</testcase>
		<testcase name="test_importermesh_preserves_material" classname="test_importermesh_smoke" time="0.035">
		</testcase>
	</testsuite>
	<testsuite id="8" name="test_loading_state_machine" package="tests/unit" timestamp="2026-05-28T16:27:03" hostname="localhost" tests="7" failures="0" errors="0" skipped="0" flaky="0" time="0.197">
		<testcase name="test_starts_idle" classname="test_loading_state_machine" time="0.013">
		</testcase>
		<testcase name="test_enter_loading_transitions_to_loading_state" classname="test_loading_state_machine" time="0.002">
		</testcase>
		<testcase name="test_predicate_true_exits_state" classname="test_loading_state_machine" time="0.024">
		</testcase>
		<testcase name="test_timeout_forces_exit" classname="test_loading_state_machine" time="0.117">
		</testcase>
		<testcase name="test_loading_started_signal_fires_with_reason" classname="test_loading_state_machine" time="0.006">
		</testcase>
		<testcase name="test_double_enter_replaces_predicate_without_restarting" classname="test_loading_state_machine" time="0.013">
		</testcase>
		<testcase name="test_force_exit_from_loading_fires_timed_out_true" classname="test_loading_state_machine" time="0.006">
		</testcase>
	</testsuite>
	<testsuite id="9" name="test_material_audit" package="tests/unit" timestamp="2026-05-28T16:27:03" hostname="localhost" tests="1" failures="0" errors="0" skipped="0" flaky="0" time="0.091">
		<testcase name="test_multi_surface_materials" classname="test_material_audit" time="0.086">
		</testcase>
	</testsuite>
	<testsuite id="10" name="test_model_loader_asset_provider" package="tests/unit" timestamp="2026-05-28T16:27:03" hostname="localhost" tests="6" failures="0" errors="0" skipped="0" flaky="0" time="0.046">
		<testcase name="test_model_loader_uses_provider_packed_scene_before_disk_or_source_conversion" classname="test_model_loader_asset_provider" time="0.002">
		</testcase>
		<testcase name="test_model_loader_prebake_conversion_is_provider_owned" classname="test_model_loader_asset_provider" time="0.004">
		</testcase>
		<testcase name="test_model_loader_async_request_can_complete_from_provider_resource" classname="test_model_loader_asset_provider" time="0.004">
		</testcase>
		<testcase name="test_cell_manager_world_source_wires_asset_provider_into_model_loader" classname="test_model_loader_asset_provider" time="0.005">
		</testcase>
		<testcase name="test_cell_manager_source_parse_tasks_are_asset_provider_owned" classname="test_model_loader_asset_provider" time="0.007">
		</testcase>
		<testcase name="test_cell_manager_source_parse_results_are_asset_provider_owned" classname="test_model_loader_asset_provider" time="0.006">
		</testcase>
	</testsuite>
	<testsuite id="11" name="test_morrowind_hydrology_provider" package="tests/unit" timestamp="2026-05-28T16:27:03" hostname="localhost" tests="17" failures="0" errors="0" skipped="0" flaky="0" time="0.274">
		<testcase name="test_generated_flowmap_marks_long_narrow_sea_level_channel_as_river" classname="test_morrowind_hydrology_provider" time="0.109">
		</testcase>
		<testcase name="test_generated_flowmap_leaves_wide_water_component_still" classname="test_morrowind_hydrology_provider" time="0.007">
		</testcase>
		<testcase name="test_generated_flowmap_ignores_land" classname="test_morrowind_hydrology_provider" time="0.007">
		</testcase>
		<testcase name="test_sampling_does_not_bake_unprepared_regions_from_gameplay_query" classname="test_morrowind_hydrology_provider" time="0.004">
		</testcase>
		<testcase name="test_descriptor_lookup_does_not_bake_unprepared_region" classname="test_morrowind_hydrology_provider" time="0.005">
		</testcase>
		<testcase name="test_renderable_river_payloads_are_read_only_for_unprepared_region" classname="test_morrowind_hydrology_provider" time="0.005">
		</testcase>
		<testcase name="test_renderable_river_payload_uses_generic_godot_space_schema" classname="test_morrowind_hydrology_provider" time="0.006">
		</testcase>
		<testcase name="test_renderable_river_centerline_is_ordered_for_straight_channel" classname="test_morrowind_hydrology_provider" time="0.006">
		</testcase>
		<testcase name="test_renderable_river_centerline_is_ordered_for_branch_like_channel" classname="test_morrowind_hydrology_provider" time="0.007">
		</testcase>
		<testcase name="test_cache_metadata_preserves_renderable_river_components" classname="test_morrowind_hydrology_provider" time="0.019">
		</testcase>
		<testcase name="test_region_descriptors_do_not_report_other_regions" classname="test_morrowind_hydrology_provider" time="0.008">
		</testcase>
		<testcase name="test_release_region_removes_cached_sampling_data" classname="test_morrowind_hydrology_provider" time="0.007">
		</testcase>
		<testcase name="test_prepare_region_retries_after_missing_heightmap_instead_of_poisoning_cache" classname="test_morrowind_hydrology_provider" time="0.006">
		</testcase>
		<testcase name="test_region_descriptor_samples_only_its_region" classname="test_morrowind_hydrology_provider" time="0.006">
		</testcase>
		<testcase name="test_request_prepare_region_publishes_after_worker_poll" classname="test_morrowind_hydrology_provider" time="0.015">
		</testcase>
		<testcase name="test_request_prepare_region_bakes_copied_height_samples" classname="test_morrowind_hydrology_provider" time="0.013">
		</testcase>
		<testcase name="test_region_cache_trims_unreferenced_regions" classname="test_morrowind_hydrology_provider" time="0.008">
		</testcase>
	</testsuite>
	<testsuite id="12" name="test_morrowind_terrain_index_map" package="tests/unit" timestamp="2026-05-28T16:27:03" hostname="localhost" tests="4" failures="0" errors="0" skipped="0" flaky="0" time="0.060">
		<testcase name="test_region_index_map_samples_north_and_east_borders" classname="test_morrowind_terrain_index_map" time="0.018">
		</testcase>
		<testcase name="test_region_index_map_missing_neighbor_uses_default_layer" classname="test_morrowind_terrain_index_map" time="0.015">
		</testcase>
		<testcase name="test_region_index_map_preserves_layers_above_terrain3d_slot_limit" classname="test_morrowind_terrain_index_map" time="0.011">
		</testcase>
		<testcase name="test_terrain3d_location_y_converts_to_mw_region_y" classname="test_morrowind_terrain_index_map" time="0.003">
		</testcase>
	</testsuite>
	<testsuite id="13" name="test_morrowind_world_object_spawn_adapter" package="tests/unit" timestamp="2026-05-28T16:27:04" hostname="localhost" tests="6" failures="0" errors="0" skipped="0" flaky="0" time="0.049">
		<testcase name="test_morrowind_record_translation_populates_spawn_metadata" classname="test_morrowind_world_object_spawn_adapter" time="0.006">
		</testcase>
		<testcase name="test_morrowind_spawn_adapter_routes_static_batch_without_core_payload_lookup" classname="test_morrowind_world_object_spawn_adapter" time="0.004">
		</testcase>
		<testcase name="test_morrowind_spawn_adapter_routes_node_payload" classname="test_morrowind_world_object_spawn_adapter" time="0.004">
		</testcase>
		<testcase name="test_morrowind_spawn_adapter_resolves_legacy_source_ref_locally" classname="test_morrowind_world_object_spawn_adapter" time="0.005">
		</testcase>
		<testcase name="test_morrowind_spawn_adapter_resolves_cached_source_ref_locally" classname="test_morrowind_world_object_spawn_adapter" time="0.004">
		</testcase>
		<testcase name="test_morrowind_spawn_adapter_translates_light_animation_flags" classname="test_morrowind_world_object_spawn_adapter" time="0.005">
		</testcase>
	</testsuite>
	<testsuite id="14" name="test_native_impostor_renderer_queue" package="tests/unit" timestamp="2026-05-28T16:27:04" hostname="localhost" tests="6" failures="0" errors="0" skipped="0" flaky="0" time="0.121">
		<testcase name="test_unloaded_cells_are_removed_from_pending_queue_and_resume" classname="test_native_impostor_renderer_queue" time="0.034">
		</testcase>
		<testcase name="test_hlod_page_stats_do_not_count_default_far_begin_as_override" classname="test_native_impostor_renderer_queue" time="0.014">
		</testcase>
		<testcase name="test_hlod_page_stats_count_hlod_deferred_page_when_far_starts_early" classname="test_native_impostor_renderer_queue" time="0.012">
		</testcase>
		<testcase name="test_impostor_page_readiness_allows_albedo_only" classname="test_native_impostor_renderer_queue" time="0.005">
		</testcase>
		<testcase name="test_impostor_page_readiness_allows_pending_normal_layer" classname="test_native_impostor_renderer_queue" time="0.006">
		</testcase>
		<testcase name="test_add_impostor_loads_v6_metadata_on_first_use" classname="test_native_impostor_renderer_queue" time="0.027">
		</testcase>
	</testsuite>
	<testsuite id="15" name="test_object_paging_kernel" package="tests/unit" timestamp="2026-05-28T16:27:04" hostname="localhost" tests="74" failures="0" errors="0" skipped="0" flaky="0" time="1.904">
		<testcase name="test_empty_input_returns_null" classname="test_object_paging_kernel" time="0.005">
		</testcase>
		<testcase name="test_object_paging_stats_include_observability_counters" classname="test_object_paging_kernel" time="0.007">
		</testcase>
		<testcase name="test_single_ref_preserves_surface" classname="test_object_paging_kernel" time="0.050">
		</testcase>
		<testcase name="test_chunk_origin_subtracts_from_vertex_positions" classname="test_object_paging_kernel" time="0.012">
		</testcase>
		<testcase name="test_two_refs_same_material_merge_into_one_surface" classname="test_object_paging_kernel" time="0.017">
		</testcase>
		<testcase name="test_two_refs_different_materials_produce_two_surfaces" classname="test_object_paging_kernel" time="0.013">
		</testcase>
		<testcase name="test_materials_preserved_on_merged_surfaces" classname="test_object_paging_kernel" time="0.014">
		</testcase>
		<testcase name="test_null_source_material_uses_proxy_material_not_engine_default" classname="test_object_paging_kernel" time="0.014">
		</testcase>
		<testcase name="test_surface_overflow_uses_proxy_material_not_null_material" classname="test_object_paging_kernel" time="0.822">
		</testcase>
		<testcase name="test_surface_overflow_folds_one_over_runtime_cap" classname="test_object_paging_kernel" time="0.302">
		</testcase>
		<testcase name="test_estimate_mesh_bytes_scales_with_vertex_count" classname="test_object_paging_kernel" time="0.030">
		</testcase>
		<testcase name="test_null_mesh_bytes_returns_zero" classname="test_object_paging_kernel" time="0.004">
		</testcase>
		<testcase name="test_size_worthy_large_close_mesh_kept" classname="test_object_paging_kernel" time="0.005">
		</testcase>
		<testcase name="test_size_worthy_small_distant_mesh_rejected" classname="test_object_paging_kernel" time="0.005">
		</testcase>
		<testcase name="test_size_worthy_scale_changes_outcome" classname="test_object_paging_kernel" time="0.004">
		</testcase>
		<testcase name="test_size_worthy_exact_boundary_kept" classname="test_object_paging_kernel" time="0.006">
		</testcase>
		<testcase name="test_size_worthy_zero_radius_kept" classname="test_object_paging_kernel" time="0.004">
		</testcase>
		<testcase name="test_size_worthy_zero_distance_kept" classname="test_object_paging_kernel" time="0.005">
		</testcase>
		<testcase name="test_paging_min_size_matches_godotwind_tuned_default" classname="test_object_paging_kernel" time="0.006">
		</testcase>
		<testcase name="test_surface_budget_preserves_coverage" classname="test_object_paging_kernel" time="0.006">
		</testcase>
		<testcase name="test_partial_bucket_inputs_still_render_but_do_not_suppress_mid" classname="test_object_paging_kernel" time="0.006">
		</testcase>
		<testcase name="test_active_hlod_chunks_are_pinned_during_cache_eviction" classname="test_object_paging_kernel" time="0.006">
		</testcase>
		<testcase name="test_prefetch_completion_warms_cache_without_publishing_visual_chunk" classname="test_object_paging_kernel" time="0.006">
		</testcase>
		<testcase name="test_prototype_warmup_clears_temporary_negative_chunks" classname="test_object_paging_kernel" time="0.005">
		</testcase>
		<testcase name="test_type_eligible_static_always_paged" classname="test_object_paging_kernel" time="0.006">
		</testcase>
		<testcase name="test_type_eligible_door_and_activator_always_paged" classname="test_object_paging_kernel" time="0.006">
		</testcase>
		<testcase name="test_type_eligible_container_size_aware" classname="test_object_paging_kernel" time="0.006">
		</testcase>
		<testcase name="test_type_eligible_light_never_paged" classname="test_object_paging_kernel" time="0.007">
		</testcase>
		<testcase name="test_type_eligible_inventory_and_actors_rejected" classname="test_object_paging_kernel" time="0.004">
		</testcase>
		<testcase name="test_type_eligible_unknown_defaults_to_reject" classname="test_object_paging_kernel" time="0.007">
		</testcase>
		<testcase name="test_morrowind_hlod_filter_keeps_large_architecture" classname="test_object_paging_kernel" time="0.006">
		</testcase>
		<testcase name="test_morrowind_hlod_filter_routes_specialized_clutter_out" classname="test_object_paging_kernel" time="0.005">
		</testcase>
		<testcase name="test_analyze_empty_input" classname="test_object_paging_kernel" time="0.007">
		</testcase>
		<testcase name="test_analyze_single_high_cost_type_not_merged" classname="test_object_paging_kernel" time="0.006">
		</testcase>
		<testcase name="test_analyze_two_types_shared_material_both_merged" classname="test_object_paging_kernel" time="0.007">
		</testcase>
		<testcase name="test_analyze_two_types_distinct_materials_can_merge_when_low_cost" classname="test_object_paging_kernel" time="0.012">
		</testcase>
		<testcase name="test_analyze_size_level_affects_decision" classname="test_object_paging_kernel" time="0.021">
		</testcase>
		<testcase name="test_analyze_zero_vert_degenerate" classname="test_object_paging_kernel" time="0.005">
		</testcase>
		<testcase name="test_paging_merge_factor_matches_openmw_default" classname="test_object_paging_kernel" time="0.004">
		</testcase>
		<testcase name="test_chunk_key_size_level_0_identity" classname="test_object_paging_kernel" time="0.005">
		</testcase>
		<testcase name="test_chunk_key_size_level_1_aligns_to_even" classname="test_object_paging_kernel" time="0.004">
		</testcase>
		<testcase name="test_chunk_key_size_level_2_handles_negative_cells" classname="test_object_paging_kernel" time="0.005">
		</testcase>
		<testcase name="test_chunk_center_world_origin_cell" classname="test_object_paging_kernel" time="0.007">
		</testcase>
		<testcase name="test_chunk_center_world_size_level_2" classname="test_object_paging_kernel" time="0.005">
		</testcase>
		<testcase name="test_paging_band_end_values" classname="test_object_paging_kernel" time="0.006">
		</testcase>
		<testcase name="test_paging_band_boundaries_contiguous" classname="test_object_paging_kernel" time="0.006">
		</testcase>
		<testcase name="test_hlod_visual_floor_starts_at_hlod_boundary" classname="test_object_paging_kernel" time="0.005">
		</testcase>
		<testcase name="test_paging_ring_radius_bounds" classname="test_object_paging_kernel" time="0.007">
		</testcase>
		<testcase name="test_paging_hysteresis_matches_existing_scheme" classname="test_object_paging_kernel" time="0.005">
		</testcase>
		<testcase name="test_top_down_walk_no_cell_double_coverage" classname="test_object_paging_kernel" time="0.012">
		</testcase>
		<testcase name="test_top_down_walk_band_membership" classname="test_object_paging_kernel" time="0.006">
		</testcase>
		<testcase name="test_top_down_walk_all_tiers_populated_from_origin" classname="test_object_paging_kernel" time="0.005">
		</testcase>
		<testcase name="test_predictive_prefetch_adds_ahead_chunks_without_changing_current_desired" classname="test_object_paging_kernel" time="0.007">
		</testcase>
		<testcase name="test_top_down_walk_large_chunk_blocks_smaller_overlap" classname="test_object_paging_kernel" time="0.006">
		</testcase>
		<testcase name="test_is_within_retention_for_tier_0_bounds" classname="test_object_paging_kernel" time="0.004">
		</testcase>
		<testcase name="test_hysteresis_retains_active_chunk_past_strict_band" classname="test_object_paging_kernel" time="0.005">
		</testcase>
		<testcase name="test_hysteresis_releases_active_chunk_past_retention_edge" classname="test_object_paging_kernel" time="0.005">
		</testcase>
		<testcase name="test_hysteresis_retained_chunk_blocks_retiering_walk" classname="test_object_paging_kernel" time="0.005">
		</testcase>
		<testcase name="test_hysteresis_no_effect_with_empty_active_chunks" classname="test_object_paging_kernel" time="0.011">
		</testcase>
		<testcase name="test_hysteresis_pre_pass_and_walk_never_double_cover" classname="test_object_paging_kernel" time="0.012">
		</testcase>
		<testcase name="test_teleport_first_call_never_fires" classname="test_object_paging_kernel" time="0.005">
		</testcase>
		<testcase name="test_teleport_small_motion_below_threshold" classname="test_object_paging_kernel" time="0.005">
		</testcase>
		<testcase name="test_teleport_large_jump_fires" classname="test_object_paging_kernel" time="0.005">
		</testcase>
		<testcase name="test_teleport_threshold_matches_plan" classname="test_object_paging_kernel" time="0.005">
		</testcase>
		<testcase name="test_paging_min_size_merge_factor_matches_openmw" classname="test_object_paging_kernel" time="0.004">
		</testcase>
		<testcase name="test_min_size_merged_sq_zero_benefit_collapses_to_base" classname="test_object_paging_kernel" time="0.004">
		</testcase>
		<testcase name="test_min_size_merged_sq_strong_merge_loosens_threshold" classname="test_object_paging_kernel" time="0.004">
		</testcase>
		<testcase name="test_min_size_merged_sq_weak_merge_tightens_to_base" classname="test_object_paging_kernel" time="0.006">
		</testcase>
		<testcase name="test_analyze_rejected_type_has_zero_min_size_merged" classname="test_object_paging_kernel" time="0.011">
		</testcase>
		<testcase name="test_analyze_merged_type_has_positive_min_size_merged" classname="test_object_paging_kernel" time="0.012">
		</testcase>
		<testcase name="test_flatten_drops_sub_threshold_ref_via_second_pass" classname="test_object_paging_kernel" time="0.025">
		</testcase>
		<testcase name="test_flatten_second_pass_noop_when_ref_metrics_missing" classname="test_object_paging_kernel" time="0.016">
		</testcase>
		<testcase name="test_size_worthy_reevaluation_after_camera_approach" classname="test_object_paging_kernel" time="0.005">
		</testcase>
		<testcase name="test_normals_transformed_by_ref_rotation" classname="test_object_paging_kernel" time="0.008">
		</testcase>
	</testsuite>
	<testsuite id="16" name="test_ocean_controls_ui_state" package="tests/unit" timestamp="2026-05-28T16:27:06" hostname="localhost" tests="2" failures="0" errors="0" skipped="0" flaky="0" time="0.018">
		<testcase name="test_underwater_feature_choices_survive_process_sync" classname="test_ocean_controls_ui_state" time="0.004">
		</testcase>
		<testcase name="test_particle_toggle_uses_ocean_manager_state_not_compositor_feature_flag" classname="test_ocean_controls_ui_state" time="0.004">
		</testcase>
	</testsuite>
	<testsuite id="17" name="test_octahedral_encoding" package="tests/unit" timestamp="2026-05-28T16:27:06" hostname="localhost" tests="5" failures="0" errors="0" skipped="0" flaky="0" time="0.049">
		<testcase name="test_sphere_round_trip" classname="test_octahedral_encoding" time="0.008">
		</testcase>
		<testcase name="test_hemi_round_trip" classname="test_octahedral_encoding" time="0.008">
		</testcase>
		<testcase name="test_hemi_all_above_horizon" classname="test_octahedral_encoding" time="0.005">
		</testcase>
		<testcase name="test_sphere_covers_both_hemispheres" classname="test_octahedral_encoding" time="0.005">
		</testcase>
		<testcase name="test_generate_directions_count_and_unit_length" classname="test_octahedral_encoding" time="0.007">
		</testcase>
	</testsuite>
	<testsuite id="18" name="test_phase_e_precompute" package="tests/unit" timestamp="2026-05-28T16:27:06" hostname="localhost" tests="3" failures="0" errors="0" skipped="0" flaky="0" time="0.048">
		<testcase name="test_precompute_instance_returns_null_for_unregistered_type" classname="test_phase_e_precompute" time="0.005">
		</testcase>
		<testcase name="test_precompute_instance_populates_fields" classname="test_phase_e_precompute" time="0.013">
		</testcase>
		<testcase name="test_add_instance_precomputed_matches_add_instance" classname="test_phase_e_precompute" time="0.015">
		</testcase>
	</testsuite>
	<testsuite id="19" name="test_player_controller_interaction" package="tests/unit" timestamp="2026-05-28T16:27:06" hostname="localhost" tests="12" failures="0" errors="0" skipped="0" flaky="0" time="0.210">
		<testcase name="test_register_gate_increments_count" classname="test_player_controller_interaction" time="0.013">
		</testcase>
		<testcase name="test_register_gate_idempotent" classname="test_player_controller_interaction" time="0.012">
		</testcase>
		<testcase name="test_unregister_gate_removes" classname="test_player_controller_interaction" time="0.012">
		</testcase>
		<testcase name="test_register_null_gate_is_safe" classname="test_player_controller_interaction" time="0.012">
		</testcase>
		<testcase name="test_tree_exiting_self_heal_removes_freed_gate" classname="test_player_controller_interaction" time="0.019">
		</testcase>
		<testcase name="test_is_modal_ui_open_reflects_state" classname="test_player_controller_interaction" time="0.013">
		</testcase>
		<testcase name="test_tap_emits_on_quick_press_release" classname="test_player_controller_interaction" time="0.019">
		</testcase>
		<testcase name="test_hold_begin_emits_after_threshold" classname="test_player_controller_interaction" time="0.020">
		</testcase>
		<testcase name="test_release_emits_after_hold" classname="test_player_controller_interaction" time="0.019">
		</testcase>
		<testcase name="test_modal_gate_suppresses_press" classname="test_player_controller_interaction" time="0.013">
		</testcase>
		<testcase name="test_emit_interact_tap_routes_to_raycaster_target" classname="test_player_controller_interaction" time="0.014">
		</testcase>
		<testcase name="test_emit_interact_tap_no_raycaster_is_safe" classname="test_player_controller_interaction" time="0.010">
		</testcase>
	</testsuite>
	<testsuite id="20" name="test_prototype_registry" package="tests/unit" timestamp="2026-05-28T16:27:06" hostname="localhost" tests="11" failures="0" errors="0" skipped="0" flaky="0" time="0.123">
		<testcase name="test_batch_init_capacity" classname="test_prototype_registry" time="0.008">
		</testcase>
		<testcase name="test_batch_acquire_and_release" classname="test_prototype_registry" time="0.006">
		</testcase>
		<testcase name="test_batch_freelist_reuses_slot" classname="test_prototype_registry" time="0.006">
		</testcase>
		<testcase name="test_batch_grows_beyond_initial_capacity" classname="test_prototype_registry" time="0.006">
		</testcase>
		<testcase name="test_batch_reserve_capacity_keeps_gpu_instance_count_until_upload" classname="test_prototype_registry" time="0.005">
		</testcase>
		<testcase name="test_registry_get_or_create_batch_dedupes" classname="test_prototype_registry" time="0.005">
		</testcase>
		<testcase name="test_registry_different_materials_different_batches" classname="test_prototype_registry" time="0.029">
		</testcase>
		<testcase name="test_registry_add_instance_single_sub_mesh" classname="test_prototype_registry" time="0.006">
		</testcase>
		<testcase name="test_registry_add_instance_multi_sub_mesh_buildings" classname="test_prototype_registry" time="0.007">
		</testcase>
		<testcase name="test_registry_remove_instance_releases_all_slots" classname="test_prototype_registry" time="0.006">
		</testcase>
		<testcase name="test_registry_batch_key_stable_for_same_rids" classname="test_prototype_registry" time="0.004">
		</testcase>
	</testsuite>
	<testsuite id="21" name="test_river_water_body" package="tests/unit" timestamp="2026-05-28T16:27:06" hostname="localhost" tests="12" failures="0" errors="0" skipped="0" flaky="0" time="0.526">
		<testcase name="test_river_water_body_generates_curved_mesh_attributes" classname="test_river_water_body" time="0.257">
		</testcase>
		<testcase name="test_river_water_body_coverage_rejects_land_outside_banks" classname="test_river_water_body" time="0.013">
		</testcase>
		<testcase name="test_river_water_body_coverage_rejects_points_beyond_curve_ends" classname="test_river_water_body" time="0.021">
		</testcase>
		<testcase name="test_river_water_body_binds_flowmap_material_contract" classname="test_river_water_body" time="0.025">
		</testcase>
		<testcase name="test_river_water_body_binds_water_interaction_debug_uniform" classname="test_river_water_body" time="0.020">
		</testcase>
		<testcase name="test_river_descriptor_velocity_follows_curve_direction" classname="test_river_water_body" time="0.020">
		</testcase>
		<testcase name="test_river_flowmap_velocity_overrides_curve_direction" classname="test_river_water_body" time="0.019">
		</testcase>
		<testcase name="test_neutral_zero_speed_flowmap_does_not_override_curve_velocity" classname="test_river_water_body" time="0.021">
		</testcase>
		<testcase name="test_bilinear_flowmap_edge_fades_speed_without_diagonal_turn" classname="test_river_water_body" time="0.020">
		</testcase>
		<testcase name="test_river_shader_uses_flowmap_direction_without_blending_zero_vector" classname="test_river_water_body" time="0.006">
		</testcase>
		<testcase name="test_tight_bend_river_mesh_has_no_degenerate_triangles" classname="test_river_water_body" time="0.057">
		</testcase>
		<testcase name="test_tight_bend_river_mesh_flow_basis_is_row_continuous" classname="test_river_water_body" time="0.022">
		</testcase>
	</testsuite>
	<testsuite id="22" name="test_static_object_renderer_bwide" package="tests/unit" timestamp="2026-05-28T16:27:07" hostname="localhost" tests="19" failures="0" errors="0" skipped="0" flaky="0" time="0.323">
		<testcase name="test_register_mesh_type_detects_lod_chain" classname="test_static_object_renderer_bwide" time="0.017">
		</testcase>
		<testcase name="test_register_simple_mesh_no_lod" classname="test_static_object_renderer_bwide" time="0.010">
		</testcase>
		<testcase name="test_packed_scene_registration_keeps_instance_material_override_on_submesh" classname="test_static_object_renderer_bwide" time="0.013">
		</testcase>
		<testcase name="test_packed_scene_surface_overrides_materialize_into_owned_mesh_copy" classname="test_static_object_renderer_bwide" time="0.018">
		</testcase>
		<testcase name="test_single_instance_per_object" classname="test_static_object_renderer_bwide" time="0.018">
		</testcase>
		<testcase name="test_promotion_hides_single_instance" classname="test_static_object_renderer_bwide" time="0.013">
		</testcase>
		<testcase name="test_cell_spatial_index" classname="test_static_object_renderer_bwide" time="0.021">
		</testcase>
		<testcase name="test_register_lod_from_prototype_compat" classname="test_static_object_renderer_bwide" time="0.012">
		</testcase>
		<testcase name="test_remove_cell_instances" classname="test_static_object_renderer_bwide" time="0.012">
		</testcase>
		<testcase name="test_hlod_covered_bucket_caps_mid_range" classname="test_static_object_renderer_bwide" time="0.013">
		</testcase>
		<testcase name="test_cell_bucket_uses_direct_rs_for_singleton_group" classname="test_static_object_renderer_bwide" time="0.012">
		</testcase>
		<testcase name="test_partial_hlod_bucket_coverage_keeps_mid_fallback" classname="test_static_object_renderer_bwide" time="0.013">
		</testcase>
		<testcase name="test_cell_bucket_uses_local_multimesh_for_close_repeated_group" classname="test_static_object_renderer_bwide" time="0.013">
		</testcase>
		<testcase name="test_cell_bucket_multimesh_pack_buffer_matches_godot_transform3d_stride" classname="test_static_object_renderer_bwide" time="0.012">
		</testcase>
		<testcase name="test_existing_cell_bucket_budgeted_lookup_returns_ready_without_duplication" classname="test_static_object_renderer_bwide" time="0.013">
		</testcase>
		<testcase name="test_budgeted_bucket_failure_reports_retryable_transient_reason" classname="test_static_object_renderer_bwide" time="0.013">
		</testcase>
		<testcase name="test_cell_bucket_splits_repeated_groups_into_spatial_clusters" classname="test_static_object_renderer_bwide" time="0.012">
		</testcase>
		<testcase name="test_visual_proxy_source_key_lifecycle" classname="test_static_object_renderer_bwide" time="0.013">
		</testcase>
		<testcase name="test_visual_proxy_registers_from_cached_packed_scene_without_node_instantiation" classname="test_static_object_renderer_bwide" time="0.013">
		</testcase>
	</testsuite>
	<testsuite id="23" name="test_streaming_config" package="tests/unit" timestamp="2026-05-28T16:27:07" hostname="localhost" tests="5" failures="0" errors="0" skipped="0" flaky="0" time="0.038">
		<testcase name="test_view_distance_default_is_within_slider_limits" classname="test_streaming_config" time="0.005">
		</testcase>
		<testcase name="test_clamp_load_radius_cells" classname="test_streaming_config" time="0.005">
		</testcase>
		<testcase name="test_view_distance_clamps_in_meters" classname="test_streaming_config" time="0.005">
		</testcase>
		<testcase name="test_scene_load_radius_is_capped_at_mid_bridge" classname="test_streaming_config" time="0.004">
		</testcase>
		<testcase name="test_distant_stream_radius_tracks_view_cap" classname="test_streaming_config" time="0.005">
		</testcase>
	</testsuite>
	<testsuite id="24" name="test_streaming_modular_boundaries" package="tests/unit" timestamp="2026-05-28T16:27:07" hostname="localhost" tests="5" failures="0" errors="0" skipped="0" flaky="0" time="0.154">
		<testcase name="test_core_streaming_modules_do_not_call_esm_manager_directly" classname="test_streaming_modular_boundaries" time="0.059">
		</testcase>
		<testcase name="test_near_streaming_uses_world_object_payload_boundary" classname="test_streaming_modular_boundaries" time="0.049">
		</testcase>
		<testcase name="test_cell_preloader_without_world_object_source_is_ready_no_legacy_global" classname="test_streaming_modular_boundaries" time="0.009">
		</testcase>
		<testcase name="test_cell_manager_delegates_source_record_lookup_to_spawn_adapter" classname="test_streaming_modular_boundaries" time="0.008">
		</testcase>
		<testcase name="test_reference_instantiator_delegates_record_payload_lookup_to_spawn_adapter" classname="test_streaming_modular_boundaries" time="0.009">
		</testcase>
	</testsuite>
	<testsuite id="25" name="test_streaming_publication_budget" package="tests/unit" timestamp="2026-05-28T16:27:07" hostname="localhost" tests="3" failures="0" errors="0" skipped="0" flaky="0" time="0.033">
		<testcase name="test_claim_spend_refund_stats_are_per_lane" classname="test_streaming_publication_budget" time="0.006">
		</testcase>
		<testcase name="test_unknown_lane_claims_fail_closed" classname="test_streaming_publication_budget" time="0.007">
		</testcase>
		<testcase name="test_make_deadline_claims_from_shared_remaining_budget" classname="test_streaming_publication_budget" time="0.005">
		</testcase>
	</testsuite>
	<testsuite id="26" name="test_streaming_stress_runner_gates" package="tests/unit" timestamp="2026-05-28T16:27:07" hostname="localhost" tests="8" failures="0" errors="0" skipped="0" flaky="0" time="0.068">
		<testcase name="test_static_prepare_log_token_fails_gate" classname="test_streaming_stress_runner_gates" time="0.006">
		</testcase>
		<testcase name="test_max_frame_over_blocking_threshold_fails_gate" classname="test_streaming_stress_runner_gates" time="0.006">
		</testcase>
		<testcase name="test_stream_total_over_blocking_threshold_fails_gate" classname="test_streaming_stress_runner_gates" time="0.005">
		</testcase>
		<testcase name="test_static_publish_spike_field_fails_gate" classname="test_streaming_stress_runner_gates" time="0.003">
		</testcase>
		<testcase name="test_far_cell_scan_spike_field_fails_gate" classname="test_streaming_stress_runner_gates" time="0.005">
		</testcase>
		<testcase name="test_absent_optional_spike_fields_do_not_fail_gate" classname="test_streaming_stress_runner_gates" time="0.006">
		</testcase>
		<testcase name="test_thresholds_keep_legacy_symbols_with_bible_values" classname="test_streaming_stress_runner_gates" time="0.006">
		</testcase>
		<testcase name="test_landscape_spiral_offsets_cover_square_without_duplicates" classname="test_streaming_stress_runner_gates" time="0.006">
		</testcase>
	</testsuite>
	<testsuite id="27" name="test_subsystem_toggles" package="tests/unit" timestamp="2026-05-28T16:27:07" hostname="localhost" tests="3" failures="1" errors="0" skipped="0" flaky="0" time="0.031">
		<testcase name="test_setup_applies_true_and_false_defaults" classname="test_subsystem_toggles" time="0.005">
		</testcase>
		<testcase name="test_alias_routes_to_canonical_flag" classname="test_subsystem_toggles" time="0.005">
		</testcase>
		<testcase name="test_flag_changed_emits_canonical_name_for_ui_sync" classname="test_subsystem_toggles" time="0.006">
			<failure message="FAILED: res://tests/unit/test_subsystem_toggles.gd:56" type="FAILURE">
<![CDATA[
Expecting:
 'hlod'
 but was
 'hlod'
]]>
			</failure>
		</testcase>
	</testsuite>
	<testsuite id="28" name="test_underwater_shader_contract" package="tests/unit" timestamp="2026-05-28T16:27:07" hostname="localhost" tests="1" failures="0" errors="0" skipped="0" flaky="0" time="0.014">
		<testcase name="test_caustics_are_attenuated_by_underwater_optics" classname="test_underwater_shader_contract" time="0.006">
		</testcase>
	</testsuite>
	<testsuite id="29" name="test_water_body_registry" package="tests/unit" timestamp="2026-05-28T16:27:07" hostname="localhost" tests="18" failures="0" errors="0" skipped="0" flaky="0" time="0.487">
		<testcase name="test_registry_uses_highest_priority_active_body" classname="test_water_body_registry" time="0.007">
		</testcase>
		<testcase name="test_registry_falls_back_when_no_body_covers_position" classname="test_water_body_registry" time="0.006">
		</testcase>
		<testcase name="test_registry_skips_coverage_sampling_outside_valid_source_bounds" classname="test_water_body_registry" time="0.006">
		</testcase>
		<testcase name="test_ocean_manager_unified_query_does_not_report_sea_level_outside_registered_body_when_ocean_disabled" classname="test_water_body_registry" time="0.005">
		</testcase>
		<testcase name="test_ocean_manager_water_body_atlas_encodes_registered_coverage_and_height" classname="test_water_body_registry" time="0.055">
		</testcase>
		<testcase name="test_water_surface_state_exposes_water_body_atlas_cpu_sample" classname="test_water_body_registry" time="0.058">
		</testcase>
		<testcase name="test_public_local_water_update_rebuilds_atlas_before_interaction_step" classname="test_water_body_registry" time="0.059">
		</testcase>
		<testcase name="test_ocean_manager_local_flow_obstacle_changes_sampled_registered_velocity" classname="test_water_body_registry" time="0.019">
		</testcase>
		<testcase name="test_water_volume_descriptor_reports_flow_velocity" classname="test_water_body_registry" time="0.053">
		</testcase>
		<testcase name="test_water_volume_uses_shared_shader_resource" classname="test_water_body_registry" time="0.020">
		</testcase>
		<testcase name="test_water_volume_area_uses_exported_detection_collision_mask" classname="test_water_body_registry" time="0.018">
		</testcase>
		<testcase name="test_polygon_volume_area_uses_exported_detection_collision_mask" classname="test_water_body_registry" time="0.019">
		</testcase>
		<testcase name="test_polygon_volume_registers_and_unregisters_water_interaction_renderer" classname="test_water_body_registry" time="0.019">
		</testcase>
		<testcase name="test_polygon_volume_mesh_subdivisions_is_pinned_until_supported" classname="test_water_body_registry" time="0.012">
		</testcase>
		<testcase name="test_polygon_volume_coverage_uses_polygon_not_convex_collision" classname="test_water_body_registry" time="0.019">
		</testcase>
		<testcase name="test_polygon_volume_triangulates_clockwise_polygon_and_samples_coverage" classname="test_water_body_registry" time="0.019">
		</testcase>
		<testcase name="test_polygon_volume_descriptor_bounds_follow_polygon_and_height_edits" classname="test_water_body_registry" time="0.025">
		</testcase>
		<testcase name="test_polygon_volume_json_import_preserves_zero_flow_speed" classname="test_water_body_registry" time="0.011">
		</testcase>
	</testsuite>
	<testsuite id="30" name="test_water_interaction_ripples" package="tests/unit" timestamp="2026-05-28T16:27:08" hostname="localhost" tests="10" failures="0" errors="0" skipped="0" flaky="0" time="0.142">
		<testcase name="test_crossing_detection_emits_one_impact" classname="test_water_interaction_ripples" time="0.006">
		</testcase>
		<testcase name="test_wake_throttling_emits_while_surface_contact_moves" classname="test_water_interaction_ripples" time="0.013">
		</testcase>
		<testcase name="test_no_impulses_outside_water_coverage" classname="test_water_interaction_ripples" time="0.013">
		</testcase>
		<testcase name="test_river_relative_velocity_reduces_wake_strength" classname="test_water_interaction_ripples" time="0.013">
		</testcase>
		<testcase name="test_interactor_emits_flow_obstacle_during_surface_contact" classname="test_water_interaction_ripples" time="0.012">
		</testcase>
		<testcase name="test_interactor_does_not_emit_flow_obstacle_without_current" classname="test_water_interaction_ripples" time="0.012">
		</testcase>
		<testcase name="test_event_queue_caps_and_keeps_strongest_impulses" classname="test_water_interaction_ripples" time="0.012">
		</testcase>
		<testcase name="test_stats_expose_performance_contract" classname="test_water_interaction_ripples" time="0.013">
		</testcase>
		<testcase name="test_shader_contracts_expose_ripple_bindings" classname="test_water_interaction_ripples" time="0.008">
		</testcase>
		<testcase name="test_buoyancy_body_drag_is_relative_to_sampled_water_velocity_contract" classname="test_water_interaction_ripples" time="0.006">
		</testcase>
	</testsuite>
	<testsuite id="31" name="test_water_optical_profile" package="tests/unit" timestamp="2026-05-28T16:27:08" hostname="localhost" tests="2" failures="0" errors="0" skipped="0" flaky="0" time="0.037">
		<testcase name="test_visibility_distance_sets_clear_water_extinction" classname="test_water_optical_profile" time="0.006">
		</testcase>
		<testcase name="test_turbidity_increases_underwater_fog_extinction" classname="test_water_optical_profile" time="0.005">
		</testcase>
	</testsuite>
	<testsuite id="32" name="test_wetness_manager" package="tests/unit" timestamp="2026-05-28T16:27:08" hostname="localhost" tests="6" failures="0" errors="0" skipped="0" flaky="0" time="0.091">
		<testcase name="test_memory_holder_soaks_to_contact_waterline" classname="test_wetness_manager" time="0.011">
		</testcase>
		<testcase name="test_memory_holder_decays_after_leaving_water" classname="test_wetness_manager" time="0.009">
		</testcase>
		<testcase name="test_memory_holder_decays_toward_current_contact_line_while_still_touching_water" classname="test_wetness_manager" time="0.012">
		</testcase>
		<testcase name="test_memory_holder_moves_with_object_bounds" classname="test_wetness_manager" time="0.013">
		</testcase>
		<testcase name="test_live_compositor_toggle_is_separate_from_object_wetness" classname="test_wetness_manager" time="0.011">
		</testcase>
		<testcase name="test_unregister_memory_holder_removes_state" classname="test_wetness_manager" time="0.012">
		</testcase>
	</testsuite>
	<testsuite id="33" name="test_world_object_source" package="tests/unit" timestamp="2026-05-28T16:27:08" hostname="localhost" tests="2" failures="0" errors="0" skipped="0" flaky="0" time="0.040">
		<testcase name="test_fake_source_filters_by_capability" classname="test_world_object_source" time="0.009">
		</testcase>
		<testcase name="test_native_world_object_index_queries_cell_and_radius" classname="test_world_object_source" time="0.019">
		</testcase>
	</testsuite>
</testsuites>
