<?xml version="1.0" encoding="UTF-8" ?>
<testsuites id="2026-03-30" name="report_7" tests="13" failures="4" skipped="0" flaky="0" time="0.000">
	<testsuite id="0" name="test_coordinate_system" package="tests/unit" timestamp="2026-03-30T09:36:06" hostname="localhost" tests="4" failures="4" errors="0" skipped="0" flaky="0" time="0.120">
		<testcase name="test_vector_to_godot_zero" classname="test_coordinate_system" time="0.008">
		</testcase>
		<testcase name="test_vector_to_godot_axes" classname="test_coordinate_system" time="0.007">
			<failure message="FAILED: res://tests/unit/test_coordinate_system.gd:21" type="FAILURE">
<![CDATA[
Expecting:
 '0.014286'
 in range between
 '0.999000' <> '1.001000'
]]>
			</failure>
		</testcase>
		<testcase name="test_vector_roundtrip" classname="test_coordinate_system" time="0.008">
			<failure message="FAILED: res://tests/unit/test_coordinate_system.gd:37" type="FAILURE">
<![CDATA[
Expecting:
 '1.428571'
 in range between
 '99.990000' <> '100.010000'
]]>
			</failure>
			<failure message="FAILED: res://tests/unit/test_coordinate_system.gd:38" type="FAILURE">
<![CDATA[
Expecting:
 '-0.714286'
 in range between
 '-50.010000' <> '-49.990000'
]]>
			</failure>
			<failure message="FAILED: res://tests/unit/test_coordinate_system.gd:39" type="FAILURE">
<![CDATA[
Expecting:
 '2.857143'
 in range between
 '199.990000' <> '200.010000'
]]>
			</failure>
		</testcase>
		<testcase name="test_cell_size_is_positive" classname="test_coordinate_system" time="0.007">
		</testcase>
	</testsuite>
	<testsuite id="1" name="test_distance_utils" package="tests/unit" timestamp="2026-03-30T09:36:06" hostname="localhost" tests="9" failures="0" errors="0" skipped="0" flaky="0" time="0.165">
		<testcase name="test_cell_distance_squared_same_cell" classname="test_distance_utils" time="0.008">
		</testcase>
		<testcase name="test_cell_distance_squared_adjacent" classname="test_distance_utils" time="0.007">
		</testcase>
		<testcase name="test_cell_distance_squared_diagonal" classname="test_distance_utils" time="0.008">
		</testcase>
		<testcase name="test_cell_distance_is_sqrt_of_squared" classname="test_distance_utils" time="0.007">
		</testcase>
		<testcase name="test_cell_to_world_center_origin" classname="test_distance_utils" time="0.008">
		</testcase>
		<testcase name="test_world_to_cell_roundtrip" classname="test_distance_utils" time="0.008">
		</testcase>
		<testcase name="test_tier_constants_are_ordered" classname="test_distance_utils" time="0.008">
		</testcase>
		<testcase name="test_distance_to_cell_radius" classname="test_distance_utils" time="0.007">
		</testcase>
		<testcase name="test_is_cell_in_range" classname="test_distance_utils" time="0.008">
		</testcase>
	</testsuite>
</testsuites>
