<?xml version="1.0" encoding="UTF-8" ?>
<testsuites id="2026-05-06" name="report_191" tests="6" failures="0" skipped="0" flaky="0" time="0.000">
	<testsuite id="0" name="test_native_impostor_renderer_queue" package="tests/unit" timestamp="2026-05-06T16:26:37" hostname="localhost" tests="6" failures="0" errors="0" skipped="0" flaky="0" time="0.112">
		<testcase name="test_unloaded_cells_are_removed_from_pending_queue_and_resume" classname="test_native_impostor_renderer_queue" time="0.036">
		</testcase>
		<testcase name="test_hlod_page_stats_do_not_count_default_far_begin_as_override" classname="test_native_impostor_renderer_queue" time="0.006">
		</testcase>
		<testcase name="test_hlod_page_stats_ignore_hlod_begin_when_far_is_fixed" classname="test_native_impostor_renderer_queue" time="0.011">
		</testcase>
		<testcase name="test_impostor_page_readiness_allows_albedo_only" classname="test_native_impostor_renderer_queue" time="0.003">
		</testcase>
		<testcase name="test_impostor_page_readiness_allows_pending_normal_layer" classname="test_native_impostor_renderer_queue" time="0.003">
		</testcase>
		<testcase name="test_add_impostor_loads_v6_metadata_on_first_use" classname="test_native_impostor_renderer_queue" time="0.021">
		</testcase>
	</testsuite>
</testsuites>
