<?xml version="1.0" encoding="UTF-8" ?>
<testsuites id="2026-05-28" name="report_307" tests="10" failures="0" skipped="0" flaky="0" time="0.000">
	<testsuite id="0" name="test_water_interaction_ripples" package="tests/unit" timestamp="2026-05-28T15:10:55" hostname="localhost" tests="10" failures="0" errors="0" skipped="0" flaky="0" time="0.129">
		<testcase name="test_crossing_detection_emits_one_impact" classname="test_water_interaction_ripples" time="0.001">
		</testcase>
		<testcase name="test_wake_throttling_emits_while_surface_contact_moves" classname="test_water_interaction_ripples" time="0.014">
		</testcase>
		<testcase name="test_no_impulses_outside_water_coverage" classname="test_water_interaction_ripples" time="0.013">
		</testcase>
		<testcase name="test_river_relative_velocity_reduces_wake_strength" classname="test_water_interaction_ripples" time="0.013">
		</testcase>
		<testcase name="test_interactor_emits_flow_obstacle_during_surface_contact" classname="test_water_interaction_ripples" time="0.013">
		</testcase>
		<testcase name="test_interactor_does_not_emit_flow_obstacle_without_current" classname="test_water_interaction_ripples" time="0.013">
		</testcase>
		<testcase name="test_event_queue_caps_and_keeps_strongest_impulses" classname="test_water_interaction_ripples" time="0.013">
		</testcase>
		<testcase name="test_stats_expose_performance_contract" classname="test_water_interaction_ripples" time="0.013">
		</testcase>
		<testcase name="test_shader_contracts_expose_ripple_bindings" classname="test_water_interaction_ripples" time="0.007">
		</testcase>
		<testcase name="test_buoyancy_body_drag_is_relative_to_sampled_water_velocity_contract" classname="test_water_interaction_ripples" time="0.007">
		</testcase>
	</testsuite>
</testsuites>
