<?xml version="1.0" encoding="UTF-8" ?>
<testsuites id="2026-04-10" name="report_27" tests="35" failures="0" skipped="0" flaky="0" time="0.000">
	<testsuite id="0" name="test_basis_packing" package="tests/unit" timestamp="2026-04-09T17:27:00" hostname="localhost" tests="3" failures="0" errors="0" skipped="0" flaky="0" time="0.677">
		<testcase name="test_basis_index_returns_columns" classname="test_basis_packing" time="0.078">
		</testcase>
		<testcase name="test_projection_index_returns_columns" classname="test_basis_packing" time="0.095">
		</testcase>
		<testcase name="test_transform_basis_matches_direct_access" classname="test_basis_packing" time="0.094">
		</testcase>
	</testsuite>
	<testsuite id="1" name="test_coordinate_system" package="tests/unit" timestamp="2026-04-09T17:27:01" hostname="localhost" tests="4" failures="0" errors="0" skipped="0" flaky="0" time="0.900">
		<testcase name="test_vector_to_godot_zero" classname="test_coordinate_system" time="0.079">
		</testcase>
		<testcase name="test_vector_to_godot_axes" classname="test_coordinate_system" time="0.095">
		</testcase>
		<testcase name="test_vector_roundtrip" classname="test_coordinate_system" time="0.094">
		</testcase>
		<testcase name="test_cell_size_is_positive" classname="test_coordinate_system" time="0.095">
		</testcase>
	</testsuite>
	<testsuite id="2" name="test_distance_utils" package="tests/unit" timestamp="2026-04-09T17:27:02" hostname="localhost" tests="9" failures="0" errors="0" skipped="0" flaky="0" time="1.998">
		<testcase name="test_cell_distance_squared_same_cell" classname="test_distance_utils" time="0.094">
		</testcase>
		<testcase name="test_cell_distance_squared_adjacent" classname="test_distance_utils" time="0.093">
		</testcase>
		<testcase name="test_cell_distance_squared_diagonal" classname="test_distance_utils" time="0.096">
		</testcase>
		<testcase name="test_cell_distance_is_sqrt_of_squared" classname="test_distance_utils" time="0.094">
		</testcase>
		<testcase name="test_cell_to_world_center_origin" classname="test_distance_utils" time="0.093">
		</testcase>
		<testcase name="test_world_to_cell_roundtrip" classname="test_distance_utils" time="0.094">
		</testcase>
		<testcase name="test_tier_constants_are_ordered" classname="test_distance_utils" time="0.093">
		</testcase>
		<testcase name="test_distance_to_cell_radius" classname="test_distance_utils" time="0.095">
		</testcase>
		<testcase name="test_is_cell_in_range" classname="test_distance_utils" time="0.094">
		</testcase>
	</testsuite>
	<testsuite id="3" name="test_importermesh_smoke" package="tests/unit" timestamp="2026-04-09T17:27:04" hostname="localhost" tests="2" failures="0" errors="0" skipped="0" flaky="0" time="0.618">
		<testcase name="test_importermesh_generates_lods_at_runtime" classname="test_importermesh_smoke" time="0.208">
		</testcase>
		<testcase name="test_importermesh_preserves_material" classname="test_importermesh_smoke" time="0.126">
		</testcase>
	</testsuite>
	<testsuite id="4" name="test_octahedral_encoding" package="tests/unit" timestamp="2026-04-09T17:27:05" hostname="localhost" tests="5" failures="0" errors="0" skipped="0" flaky="0" time="1.124">
		<testcase name="test_sphere_round_trip" classname="test_octahedral_encoding" time="0.098">
		</testcase>
		<testcase name="test_hemi_round_trip" classname="test_octahedral_encoding" time="0.097">
		</testcase>
		<testcase name="test_hemi_all_above_horizon" classname="test_octahedral_encoding" time="0.097">
		</testcase>
		<testcase name="test_sphere_covers_both_hemispheres" classname="test_octahedral_encoding" time="0.094">
		</testcase>
		<testcase name="test_generate_directions_count_and_unit_length" classname="test_octahedral_encoding" time="0.096">
		</testcase>
	</testsuite>
	<testsuite id="5" name="test_player_controller_interaction" package="tests/unit" timestamp="2026-04-09T17:27:06" hostname="localhost" tests="12" failures="0" errors="0" skipped="0" flaky="0" time="2.668">
		<testcase name="test_register_gate_increments_count" classname="test_player_controller_interaction" time="0.093">
		</testcase>
		<testcase name="test_register_gate_idempotent" classname="test_player_controller_interaction" time="0.095">
		</testcase>
		<testcase name="test_unregister_gate_removes" classname="test_player_controller_interaction" time="0.093">
		</testcase>
		<testcase name="test_register_null_gate_is_safe" classname="test_player_controller_interaction" time="0.142">
		</testcase>
		<testcase name="test_tree_exiting_self_heal_removes_freed_gate" classname="test_player_controller_interaction" time="0.102">
		</testcase>
		<testcase name="test_is_modal_ui_open_reflects_state" classname="test_player_controller_interaction" time="0.095">
		</testcase>
		<testcase name="test_tap_emits_on_quick_press_release" classname="test_player_controller_interaction" time="0.103">
		</testcase>
		<testcase name="test_hold_begin_emits_after_threshold" classname="test_player_controller_interaction" time="0.102">
		</testcase>
		<testcase name="test_release_emits_after_hold" classname="test_player_controller_interaction" time="0.102">
		</testcase>
		<testcase name="test_modal_gate_suppresses_press" classname="test_player_controller_interaction" time="0.094">
		</testcase>
		<testcase name="test_emit_interact_tap_routes_to_raycaster_target" classname="test_player_controller_interaction" time="0.080">
		</testcase>
		<testcase name="test_emit_interact_tap_no_raycaster_is_safe" classname="test_player_controller_interaction" time="0.096">
		</testcase>
	</testsuite>
</testsuites>
